<?xml version="1.0" encoding="UTF-8"?>
<!-- Generated by org.testng.reporters.JUnitXMLReporter -->
<testsuite ignored="0" hostname="NohaHegazy" failures="18" tests="117" name="Subscriptions" time="162.651" errors="0" timestamp="13 Nov 2023 06:41:59 GMT">
  <testcase classname="TestNG_Package.OrderSummary" name="Validate_Classic_Subscription_Flow_is_Working_Successfully" time="2.92">
    <failure type="org.openqa.selenium.ElementClickInterceptedException" message="element click intercepted: Element is not clickable at point (1011, -629)
  (Session info: chrome=119.0.6045.124)
Build info: version: &amp;apos;4.15.0&amp;apos;, revision: &amp;apos;1d14b5521b&amp;apos;
System info: os.name: &amp;apos;Windows 11&amp;apos;, os.arch: &amp;apos;amd64&amp;apos;, os.version: &amp;apos;10.0&amp;apos;, java.version: &amp;apos;17.0.8.1&amp;apos;
Driver info: org.openqa.selenium.chrome.ChromeDriver
Command: [a44ca6b2c72e4ba1baee0cac9ed883c9, clickElement {id=580DE19237407ACBC1B4F49C125FAFCD_element_220}]
Capabilities {acceptInsecureCerts: false, browserName: chrome, browserVersion: 119.0.6045.124, chrome: {chromedriverVersion: 119.0.6045.105 (38c72552c5e..., userDataDir: C:\Users\nohah\AppData\Loca...}, fedcm:accounts: true, goog:chromeOptions: {debuggerAddress: localhost:56582}, networkConnectionEnabled: false, pageLoadStrategy: normal, platformName: windows, proxy: Proxy(), se:cdp: ws://localhost:56582/devtoo..., se:cdpVersion: 119.0.6045.124, setWindowRect: true, strictFileInteractability: false, timeouts: {implicit: 0, pageLoad: 300000, script: 30000}, unhandledPromptBehavior: dismiss and notify, webauthn:extension:credBlob: true, webauthn:extension:largeBlob: true, webauthn:extension:minPinLength: true, webauthn:extension:prf: true, webauthn:virtualAuthenticators: true}
Element: [[ChromeDriver: chrome on windows (a44ca6b2c72e4ba1baee0cac9ed883c9)] -&amp;gt; xpath: //*[@id=&amp;quot;btnFinalStepSubscribe&amp;quot;]]
Session ID: a44ca6b2c72e4ba1baee0cac9ed883c9">
      <![CDATA[org.openqa.selenium.ElementClickInterceptedException: element click intercepted: Element is not clickable at point (1011, -629)
  (Session info: chrome=119.0.6045.124)
Build info: version: '4.15.0', revision: '1d14b5521b'
System info: os.name: 'Windows 11', os.arch: 'amd64', os.version: '10.0', java.version: '17.0.8.1'
Driver info: org.openqa.selenium.chrome.ChromeDriver
Command: [a44ca6b2c72e4ba1baee0cac9ed883c9, clickElement {id=580DE19237407ACBC1B4F49C125FAFCD_element_220}]
Capabilities {acceptInsecureCerts: false, browserName: chrome, browserVersion: 119.0.6045.124, chrome: {chromedriverVersion: 119.0.6045.105 (38c72552c5e..., userDataDir: C:\Users\nohah\AppData\Loca...}, fedcm:accounts: true, goog:chromeOptions: {debuggerAddress: localhost:56582}, networkConnectionEnabled: false, pageLoadStrategy: normal, platformName: windows, proxy: Proxy(), se:cdp: ws://localhost:56582/devtoo..., se:cdpVersion: 119.0.6045.124, setWindowRect: true, strictFileInteractability: false, timeouts: {implicit: 0, pageLoad: 300000, script: 30000}, unhandledPromptBehavior: dismiss and notify, webauthn:extension:credBlob: true, webauthn:extension:largeBlob: true, webauthn:extension:minPinLength: true, webauthn:extension:prf: true, webauthn:virtualAuthenticators: true}
Element: [[ChromeDriver: chrome on windows (a44ca6b2c72e4ba1baee0cac9ed883c9)] -> xpath: //*[@id="btnFinalStepSubscribe"]]
Session ID: a44ca6b2c72e4ba1baee0cac9ed883c9
	at org.openqa.selenium.remote.codec.w3c.W3CHttpResponseCodec.createException(W3CHttpResponseCodec.java:200)
	at org.openqa.selenium.remote.codec.w3c.W3CHttpResponseCodec.decode(W3CHttpResponseCodec.java:133)
	at org.openqa.selenium.remote.codec.w3c.W3CHttpResponseCodec.decode(W3CHttpResponseCodec.java:52)
	at org.openqa.selenium.remote.HttpCommandExecutor.execute(HttpCommandExecutor.java:191)
	at org.openqa.selenium.remote.service.DriverCommandExecutor.invokeExecute(DriverCommandExecutor.java:200)
	at org.openqa.selenium.remote.service.DriverCommandExecutor.execute(DriverCommandExecutor.java:175)
	at org.openqa.selenium.remote.RemoteWebDriver.execute(RemoteWebDriver.java:607)
	at org.openqa.selenium.remote.RemoteWebElement.execute(RemoteWebElement.java:224)
	at org.openqa.selenium.remote.RemoteWebElement.click(RemoteWebElement.java:77)
	at TestNG_Package.OrderSummary.Validate_Classic_Subscription_Flow_is_Working_Successfully(OrderSummary.java:140)
... Removed 30 stack frames]]>
    </failure>
  </testcase> <!-- Validate_Classic_Subscription_Flow_is_Working_Successfully -->
  <testcase classname="TestNG_Package.OrderSummary" name="Validate_Classic_Subscription_Flow_is_Working_Successfully" time="2.076">
    <failure type="org.openqa.selenium.ElementClickInterceptedException" message="element click intercepted: Element is not clickable at point (912, 590)
  (Session info: chrome=119.0.6045.124)
Build info: version: &amp;apos;4.15.0&amp;apos;, revision: &amp;apos;1d14b5521b&amp;apos;
System info: os.name: &amp;apos;Windows 11&amp;apos;, os.arch: &amp;apos;amd64&amp;apos;, os.version: &amp;apos;10.0&amp;apos;, java.version: &amp;apos;17.0.8.1&amp;apos;
Driver info: org.openqa.selenium.chrome.ChromeDriver
Command: [a44ca6b2c72e4ba1baee0cac9ed883c9, clickElement {id=C84032366D01868F9240C29058B6F75A_element_231}]
Capabilities {acceptInsecureCerts: false, browserName: chrome, browserVersion: 119.0.6045.124, chrome: {chromedriverVersion: 119.0.6045.105 (38c72552c5e..., userDataDir: C:\Users\nohah\AppData\Loca...}, fedcm:accounts: true, goog:chromeOptions: {debuggerAddress: localhost:56582}, networkConnectionEnabled: false, pageLoadStrategy: normal, platformName: windows, proxy: Proxy(), se:cdp: ws://localhost:56582/devtoo..., se:cdpVersion: 119.0.6045.124, setWindowRect: true, strictFileInteractability: false, timeouts: {implicit: 0, pageLoad: 300000, script: 30000}, unhandledPromptBehavior: dismiss and notify, webauthn:extension:credBlob: true, webauthn:extension:largeBlob: true, webauthn:extension:minPinLength: true, webauthn:extension:prf: true, webauthn:virtualAuthenticators: true}
Element: [[ChromeDriver: chrome on windows (a44ca6b2c72e4ba1baee0cac9ed883c9)] -&amp;gt; css selector: #classic-selection]
Session ID: a44ca6b2c72e4ba1baee0cac9ed883c9">
      <![CDATA[org.openqa.selenium.ElementClickInterceptedException: element click intercepted: Element is not clickable at point (912, 590)
  (Session info: chrome=119.0.6045.124)
Build info: version: '4.15.0', revision: '1d14b5521b'
System info: os.name: 'Windows 11', os.arch: 'amd64', os.version: '10.0', java.version: '17.0.8.1'
Driver info: org.openqa.selenium.chrome.ChromeDriver
Command: [a44ca6b2c72e4ba1baee0cac9ed883c9, clickElement {id=C84032366D01868F9240C29058B6F75A_element_231}]
Capabilities {acceptInsecureCerts: false, browserName: chrome, browserVersion: 119.0.6045.124, chrome: {chromedriverVersion: 119.0.6045.105 (38c72552c5e..., userDataDir: C:\Users\nohah\AppData\Loca...}, fedcm:accounts: true, goog:chromeOptions: {debuggerAddress: localhost:56582}, networkConnectionEnabled: false, pageLoadStrategy: normal, platformName: windows, proxy: Proxy(), se:cdp: ws://localhost:56582/devtoo..., se:cdpVersion: 119.0.6045.124, setWindowRect: true, strictFileInteractability: false, timeouts: {implicit: 0, pageLoad: 300000, script: 30000}, unhandledPromptBehavior: dismiss and notify, webauthn:extension:credBlob: true, webauthn:extension:largeBlob: true, webauthn:extension:minPinLength: true, webauthn:extension:prf: true, webauthn:virtualAuthenticators: true}
Element: [[ChromeDriver: chrome on windows (a44ca6b2c72e4ba1baee0cac9ed883c9)] -> css selector: #classic-selection]
Session ID: a44ca6b2c72e4ba1baee0cac9ed883c9
	at org.openqa.selenium.remote.codec.w3c.W3CHttpResponseCodec.createException(W3CHttpResponseCodec.java:200)
	at org.openqa.selenium.remote.codec.w3c.W3CHttpResponseCodec.decode(W3CHttpResponseCodec.java:133)
	at org.openqa.selenium.remote.codec.w3c.W3CHttpResponseCodec.decode(W3CHttpResponseCodec.java:52)
	at org.openqa.selenium.remote.HttpCommandExecutor.execute(HttpCommandExecutor.java:191)
	at org.openqa.selenium.remote.service.DriverCommandExecutor.invokeExecute(DriverCommandExecutor.java:200)
	at org.openqa.selenium.remote.service.DriverCommandExecutor.execute(DriverCommandExecutor.java:175)
	at org.openqa.selenium.remote.RemoteWebDriver.execute(RemoteWebDriver.java:607)
	at org.openqa.selenium.remote.RemoteWebElement.execute(RemoteWebElement.java:224)
	at org.openqa.selenium.remote.RemoteWebElement.click(RemoteWebElement.java:77)
	at TestNG_Package.OrderSummary.Validate_Classic_Subscription_Flow_is_Working_Successfully(OrderSummary.java:113)
... Removed 30 stack frames]]>
    </failure>
  </testcase> <!-- Validate_Classic_Subscription_Flow_is_Working_Successfully -->
  <testcase classname="TestNG_Package.OrderSummary" name="Validate_Classic_Subscription_Flow_is_Working_Successfully" time="5.753"/>
  <testcase classname="TestNG_Package.OrderSummary" name="Validate_Classic_Subscription_Flow_is_Working_Successfully" time="6.988"/>
  <testcase classname="TestNG_Package.OrderSummary" name="Validate_Classic_Subscription_Flow_is_Working_Successfully" time="4.859"/>
  <testcase classname="TestNG_Package.OrderSummary" name="Validate_Classic_Subscription_Flow_is_Working_Successfully" time="2.176">
    <failure type="org.openqa.selenium.ElementClickInterceptedException" message="element click intercepted: Element is not clickable at point (912, 581)
  (Session info: chrome=119.0.6045.124)
Build info: version: &amp;apos;4.15.0&amp;apos;, revision: &amp;apos;1d14b5521b&amp;apos;
System info: os.name: &amp;apos;Windows 11&amp;apos;, os.arch: &amp;apos;amd64&amp;apos;, os.version: &amp;apos;10.0&amp;apos;, java.version: &amp;apos;17.0.8.1&amp;apos;
Driver info: org.openqa.selenium.chrome.ChromeDriver
Command: [a44ca6b2c72e4ba1baee0cac9ed883c9, clickElement {id=2D17D687D6887F52C9F71A08A75C5771_element_97}]
Capabilities {acceptInsecureCerts: false, browserName: chrome, browserVersion: 119.0.6045.124, chrome: {chromedriverVersion: 119.0.6045.105 (38c72552c5e..., userDataDir: C:\Users\nohah\AppData\Loca...}, fedcm:accounts: true, goog:chromeOptions: {debuggerAddress: localhost:56582}, networkConnectionEnabled: false, pageLoadStrategy: normal, platformName: windows, proxy: Proxy(), se:cdp: ws://localhost:56582/devtoo..., se:cdpVersion: 119.0.6045.124, setWindowRect: true, strictFileInteractability: false, timeouts: {implicit: 0, pageLoad: 300000, script: 30000}, unhandledPromptBehavior: dismiss and notify, webauthn:extension:credBlob: true, webauthn:extension:largeBlob: true, webauthn:extension:minPinLength: true, webauthn:extension:prf: true, webauthn:virtualAuthenticators: true}
Element: [[ChromeDriver: chrome on windows (a44ca6b2c72e4ba1baee0cac9ed883c9)] -&amp;gt; css selector: #classic-selection]
Session ID: a44ca6b2c72e4ba1baee0cac9ed883c9">
      <![CDATA[org.openqa.selenium.ElementClickInterceptedException: element click intercepted: Element is not clickable at point (912, 581)
  (Session info: chrome=119.0.6045.124)
Build info: version: '4.15.0', revision: '1d14b5521b'
System info: os.name: 'Windows 11', os.arch: 'amd64', os.version: '10.0', java.version: '17.0.8.1'
Driver info: org.openqa.selenium.chrome.ChromeDriver
Command: [a44ca6b2c72e4ba1baee0cac9ed883c9, clickElement {id=2D17D687D6887F52C9F71A08A75C5771_element_97}]
Capabilities {acceptInsecureCerts: false, browserName: chrome, browserVersion: 119.0.6045.124, chrome: {chromedriverVersion: 119.0.6045.105 (38c72552c5e..., userDataDir: C:\Users\nohah\AppData\Loca...}, fedcm:accounts: true, goog:chromeOptions: {debuggerAddress: localhost:56582}, networkConnectionEnabled: false, pageLoadStrategy: normal, platformName: windows, proxy: Proxy(), se:cdp: ws://localhost:56582/devtoo..., se:cdpVersion: 119.0.6045.124, setWindowRect: true, strictFileInteractability: false, timeouts: {implicit: 0, pageLoad: 300000, script: 30000}, unhandledPromptBehavior: dismiss and notify, webauthn:extension:credBlob: true, webauthn:extension:largeBlob: true, webauthn:extension:minPinLength: true, webauthn:extension:prf: true, webauthn:virtualAuthenticators: true}
Element: [[ChromeDriver: chrome on windows (a44ca6b2c72e4ba1baee0cac9ed883c9)] -> css selector: #classic-selection]
Session ID: a44ca6b2c72e4ba1baee0cac9ed883c9
	at org.openqa.selenium.remote.codec.w3c.W3CHttpResponseCodec.createException(W3CHttpResponseCodec.java:200)
	at org.openqa.selenium.remote.codec.w3c.W3CHttpResponseCodec.decode(W3CHttpResponseCodec.java:133)
	at org.openqa.selenium.remote.codec.w3c.W3CHttpResponseCodec.decode(W3CHttpResponseCodec.java:52)
	at org.openqa.selenium.remote.HttpCommandExecutor.execute(HttpCommandExecutor.java:191)
	at org.openqa.selenium.remote.service.DriverCommandExecutor.invokeExecute(DriverCommandExecutor.java:200)
	at org.openqa.selenium.remote.service.DriverCommandExecutor.execute(DriverCommandExecutor.java:175)
	at org.openqa.selenium.remote.RemoteWebDriver.execute(RemoteWebDriver.java:607)
	at org.openqa.selenium.remote.RemoteWebElement.execute(RemoteWebElement.java:224)
	at org.openqa.selenium.remote.RemoteWebElement.click(RemoteWebElement.java:77)
	at TestNG_Package.OrderSummary.Validate_Classic_Subscription_Flow_is_Working_Successfully(OrderSummary.java:113)
... Removed 30 stack frames]]>
    </failure>
  </testcase> <!-- Validate_Classic_Subscription_Flow_is_Working_Successfully -->
  <testcase classname="TestNG_Package.OrderSummary" name="Validate_Classic_Subscription_Flow_is_Working_Successfully" time="2.025">
    <failure type="org.openqa.selenium.ElementClickInterceptedException" message="element click intercepted: Element is not clickable at point (912, 590)
  (Session info: chrome=119.0.6045.124)
Build info: version: &amp;apos;4.15.0&amp;apos;, revision: &amp;apos;1d14b5521b&amp;apos;
System info: os.name: &amp;apos;Windows 11&amp;apos;, os.arch: &amp;apos;amd64&amp;apos;, os.version: &amp;apos;10.0&amp;apos;, java.version: &amp;apos;17.0.8.1&amp;apos;
Driver info: org.openqa.selenium.chrome.ChromeDriver
Command: [a44ca6b2c72e4ba1baee0cac9ed883c9, clickElement {id=29BBE50C9DF1D39B0FF90D0012BA216E_element_109}]
Capabilities {acceptInsecureCerts: false, browserName: chrome, browserVersion: 119.0.6045.124, chrome: {chromedriverVersion: 119.0.6045.105 (38c72552c5e..., userDataDir: C:\Users\nohah\AppData\Loca...}, fedcm:accounts: true, goog:chromeOptions: {debuggerAddress: localhost:56582}, networkConnectionEnabled: false, pageLoadStrategy: normal, platformName: windows, proxy: Proxy(), se:cdp: ws://localhost:56582/devtoo..., se:cdpVersion: 119.0.6045.124, setWindowRect: true, strictFileInteractability: false, timeouts: {implicit: 0, pageLoad: 300000, script: 30000}, unhandledPromptBehavior: dismiss and notify, webauthn:extension:credBlob: true, webauthn:extension:largeBlob: true, webauthn:extension:minPinLength: true, webauthn:extension:prf: true, webauthn:virtualAuthenticators: true}
Element: [[ChromeDriver: chrome on windows (a44ca6b2c72e4ba1baee0cac9ed883c9)] -&amp;gt; css selector: #classic-selection]
Session ID: a44ca6b2c72e4ba1baee0cac9ed883c9">
      <![CDATA[org.openqa.selenium.ElementClickInterceptedException: element click intercepted: Element is not clickable at point (912, 590)
  (Session info: chrome=119.0.6045.124)
Build info: version: '4.15.0', revision: '1d14b5521b'
System info: os.name: 'Windows 11', os.arch: 'amd64', os.version: '10.0', java.version: '17.0.8.1'
Driver info: org.openqa.selenium.chrome.ChromeDriver
Command: [a44ca6b2c72e4ba1baee0cac9ed883c9, clickElement {id=29BBE50C9DF1D39B0FF90D0012BA216E_element_109}]
Capabilities {acceptInsecureCerts: false, browserName: chrome, browserVersion: 119.0.6045.124, chrome: {chromedriverVersion: 119.0.6045.105 (38c72552c5e..., userDataDir: C:\Users\nohah\AppData\Loca...}, fedcm:accounts: true, goog:chromeOptions: {debuggerAddress: localhost:56582}, networkConnectionEnabled: false, pageLoadStrategy: normal, platformName: windows, proxy: Proxy(), se:cdp: ws://localhost:56582/devtoo..., se:cdpVersion: 119.0.6045.124, setWindowRect: true, strictFileInteractability: false, timeouts: {implicit: 0, pageLoad: 300000, script: 30000}, unhandledPromptBehavior: dismiss and notify, webauthn:extension:credBlob: true, webauthn:extension:largeBlob: true, webauthn:extension:minPinLength: true, webauthn:extension:prf: true, webauthn:virtualAuthenticators: true}
Element: [[ChromeDriver: chrome on windows (a44ca6b2c72e4ba1baee0cac9ed883c9)] -> css selector: #classic-selection]
Session ID: a44ca6b2c72e4ba1baee0cac9ed883c9
	at org.openqa.selenium.remote.codec.w3c.W3CHttpResponseCodec.createException(W3CHttpResponseCodec.java:200)
	at org.openqa.selenium.remote.codec.w3c.W3CHttpResponseCodec.decode(W3CHttpResponseCodec.java:133)
	at org.openqa.selenium.remote.codec.w3c.W3CHttpResponseCodec.decode(W3CHttpResponseCodec.java:52)
	at org.openqa.selenium.remote.HttpCommandExecutor.execute(HttpCommandExecutor.java:191)
	at org.openqa.selenium.remote.service.DriverCommandExecutor.invokeExecute(DriverCommandExecutor.java:200)
	at org.openqa.selenium.remote.service.DriverCommandExecutor.execute(DriverCommandExecutor.java:175)
	at org.openqa.selenium.remote.RemoteWebDriver.execute(RemoteWebDriver.java:607)
	at org.openqa.selenium.remote.RemoteWebElement.execute(RemoteWebElement.java:224)
	at org.openqa.selenium.remote.RemoteWebElement.click(RemoteWebElement.java:77)
	at TestNG_Package.OrderSummary.Validate_Classic_Subscription_Flow_is_Working_Successfully(OrderSummary.java:113)
... Removed 30 stack frames]]>
    </failure>
  </testcase> <!-- Validate_Classic_Subscription_Flow_is_Working_Successfully -->
  <testcase classname="TestNG_Package.OrderSummary" name="Validate_Classic_Subscription_Flow_is_Working_Successfully" time="5.506"/>
  <testcase classname="TestNG_Package.OrderSummary" name="Validate_Classic_Subscription_Flow_is_Working_Successfully" time="4.426"/>
  <testcase classname="TestNG_Package.OrderSummary" name="Validate_Classic_Subscription_Flow_is_Working_Successfully" time="2.206">
    <failure type="org.openqa.selenium.ElementClickInterceptedException" message="element click intercepted: Element is not clickable at point (912, 590)
  (Session info: chrome=119.0.6045.124)
Build info: version: &amp;apos;4.15.0&amp;apos;, revision: &amp;apos;1d14b5521b&amp;apos;
System info: os.name: &amp;apos;Windows 11&amp;apos;, os.arch: &amp;apos;amd64&amp;apos;, os.version: &amp;apos;10.0&amp;apos;, java.version: &amp;apos;17.0.8.1&amp;apos;
Driver info: org.openqa.selenium.chrome.ChromeDriver
Command: [a44ca6b2c72e4ba1baee0cac9ed883c9, clickElement {id=C61413CFE0BD11BF9088B30F20343507_element_100}]
Capabilities {acceptInsecureCerts: false, browserName: chrome, browserVersion: 119.0.6045.124, chrome: {chromedriverVersion: 119.0.6045.105 (38c72552c5e..., userDataDir: C:\Users\nohah\AppData\Loca...}, fedcm:accounts: true, goog:chromeOptions: {debuggerAddress: localhost:56582}, networkConnectionEnabled: false, pageLoadStrategy: normal, platformName: windows, proxy: Proxy(), se:cdp: ws://localhost:56582/devtoo..., se:cdpVersion: 119.0.6045.124, setWindowRect: true, strictFileInteractability: false, timeouts: {implicit: 0, pageLoad: 300000, script: 30000}, unhandledPromptBehavior: dismiss and notify, webauthn:extension:credBlob: true, webauthn:extension:largeBlob: true, webauthn:extension:minPinLength: true, webauthn:extension:prf: true, webauthn:virtualAuthenticators: true}
Element: [[ChromeDriver: chrome on windows (a44ca6b2c72e4ba1baee0cac9ed883c9)] -&amp;gt; css selector: #classic-selection]
Session ID: a44ca6b2c72e4ba1baee0cac9ed883c9">
      <![CDATA[org.openqa.selenium.ElementClickInterceptedException: element click intercepted: Element is not clickable at point (912, 590)
  (Session info: chrome=119.0.6045.124)
Build info: version: '4.15.0', revision: '1d14b5521b'
System info: os.name: 'Windows 11', os.arch: 'amd64', os.version: '10.0', java.version: '17.0.8.1'
Driver info: org.openqa.selenium.chrome.ChromeDriver
Command: [a44ca6b2c72e4ba1baee0cac9ed883c9, clickElement {id=C61413CFE0BD11BF9088B30F20343507_element_100}]
Capabilities {acceptInsecureCerts: false, browserName: chrome, browserVersion: 119.0.6045.124, chrome: {chromedriverVersion: 119.0.6045.105 (38c72552c5e..., userDataDir: C:\Users\nohah\AppData\Loca...}, fedcm:accounts: true, goog:chromeOptions: {debuggerAddress: localhost:56582}, networkConnectionEnabled: false, pageLoadStrategy: normal, platformName: windows, proxy: Proxy(), se:cdp: ws://localhost:56582/devtoo..., se:cdpVersion: 119.0.6045.124, setWindowRect: true, strictFileInteractability: false, timeouts: {implicit: 0, pageLoad: 300000, script: 30000}, unhandledPromptBehavior: dismiss and notify, webauthn:extension:credBlob: true, webauthn:extension:largeBlob: true, webauthn:extension:minPinLength: true, webauthn:extension:prf: true, webauthn:virtualAuthenticators: true}
Element: [[ChromeDriver: chrome on windows (a44ca6b2c72e4ba1baee0cac9ed883c9)] -> css selector: #classic-selection]
Session ID: a44ca6b2c72e4ba1baee0cac9ed883c9
	at org.openqa.selenium.remote.codec.w3c.W3CHttpResponseCodec.createException(W3CHttpResponseCodec.java:200)
	at org.openqa.selenium.remote.codec.w3c.W3CHttpResponseCodec.decode(W3CHttpResponseCodec.java:133)
	at org.openqa.selenium.remote.codec.w3c.W3CHttpResponseCodec.decode(W3CHttpResponseCodec.java:52)
	at org.openqa.selenium.remote.HttpCommandExecutor.execute(HttpCommandExecutor.java:191)
	at org.openqa.selenium.remote.service.DriverCommandExecutor.invokeExecute(DriverCommandExecutor.java:200)
	at org.openqa.selenium.remote.service.DriverCommandExecutor.execute(DriverCommandExecutor.java:175)
	at org.openqa.selenium.remote.RemoteWebDriver.execute(RemoteWebDriver.java:607)
	at org.openqa.selenium.remote.RemoteWebElement.execute(RemoteWebElement.java:224)
	at org.openqa.selenium.remote.RemoteWebElement.click(RemoteWebElement.java:77)
	at TestNG_Package.OrderSummary.Validate_Classic_Subscription_Flow_is_Working_Successfully(OrderSummary.java:113)
... Removed 30 stack frames]]>
    </failure>
  </testcase> <!-- Validate_Classic_Subscription_Flow_is_Working_Successfully -->
  <testcase classname="TestNG_Package.OrderSummary" name="Validate_Classic_Subscription_Flow_is_Working_Successfully" time="2.185">
    <failure type="org.openqa.selenium.ElementClickInterceptedException" message="element click intercepted: Element is not clickable at point (912, 590)
  (Session info: chrome=119.0.6045.124)
Build info: version: &amp;apos;4.15.0&amp;apos;, revision: &amp;apos;1d14b5521b&amp;apos;
System info: os.name: &amp;apos;Windows 11&amp;apos;, os.arch: &amp;apos;amd64&amp;apos;, os.version: &amp;apos;10.0&amp;apos;, java.version: &amp;apos;17.0.8.1&amp;apos;
Driver info: org.openqa.selenium.chrome.ChromeDriver
Command: [a44ca6b2c72e4ba1baee0cac9ed883c9, clickElement {id=1E70E45E11629693371917D8F62C8F3B_element_113}]
Capabilities {acceptInsecureCerts: false, browserName: chrome, browserVersion: 119.0.6045.124, chrome: {chromedriverVersion: 119.0.6045.105 (38c72552c5e..., userDataDir: C:\Users\nohah\AppData\Loca...}, fedcm:accounts: true, goog:chromeOptions: {debuggerAddress: localhost:56582}, networkConnectionEnabled: false, pageLoadStrategy: normal, platformName: windows, proxy: Proxy(), se:cdp: ws://localhost:56582/devtoo..., se:cdpVersion: 119.0.6045.124, setWindowRect: true, strictFileInteractability: false, timeouts: {implicit: 0, pageLoad: 300000, script: 30000}, unhandledPromptBehavior: dismiss and notify, webauthn:extension:credBlob: true, webauthn:extension:largeBlob: true, webauthn:extension:minPinLength: true, webauthn:extension:prf: true, webauthn:virtualAuthenticators: true}
Element: [[ChromeDriver: chrome on windows (a44ca6b2c72e4ba1baee0cac9ed883c9)] -&amp;gt; css selector: #classic-selection]
Session ID: a44ca6b2c72e4ba1baee0cac9ed883c9">
      <![CDATA[org.openqa.selenium.ElementClickInterceptedException: element click intercepted: Element is not clickable at point (912, 590)
  (Session info: chrome=119.0.6045.124)
Build info: version: '4.15.0', revision: '1d14b5521b'
System info: os.name: 'Windows 11', os.arch: 'amd64', os.version: '10.0', java.version: '17.0.8.1'
Driver info: org.openqa.selenium.chrome.ChromeDriver
Command: [a44ca6b2c72e4ba1baee0cac9ed883c9, clickElement {id=1E70E45E11629693371917D8F62C8F3B_element_113}]
Capabilities {acceptInsecureCerts: false, browserName: chrome, browserVersion: 119.0.6045.124, chrome: {chromedriverVersion: 119.0.6045.105 (38c72552c5e..., userDataDir: C:\Users\nohah\AppData\Loca...}, fedcm:accounts: true, goog:chromeOptions: {debuggerAddress: localhost:56582}, networkConnectionEnabled: false, pageLoadStrategy: normal, platformName: windows, proxy: Proxy(), se:cdp: ws://localhost:56582/devtoo..., se:cdpVersion: 119.0.6045.124, setWindowRect: true, strictFileInteractability: false, timeouts: {implicit: 0, pageLoad: 300000, script: 30000}, unhandledPromptBehavior: dismiss and notify, webauthn:extension:credBlob: true, webauthn:extension:largeBlob: true, webauthn:extension:minPinLength: true, webauthn:extension:prf: true, webauthn:virtualAuthenticators: true}
Element: [[ChromeDriver: chrome on windows (a44ca6b2c72e4ba1baee0cac9ed883c9)] -> css selector: #classic-selection]
Session ID: a44ca6b2c72e4ba1baee0cac9ed883c9
	at org.openqa.selenium.remote.codec.w3c.W3CHttpResponseCodec.createException(W3CHttpResponseCodec.java:200)
	at org.openqa.selenium.remote.codec.w3c.W3CHttpResponseCodec.decode(W3CHttpResponseCodec.java:133)
	at org.openqa.selenium.remote.codec.w3c.W3CHttpResponseCodec.decode(W3CHttpResponseCodec.java:52)
	at org.openqa.selenium.remote.HttpCommandExecutor.execute(HttpCommandExecutor.java:191)
	at org.openqa.selenium.remote.service.DriverCommandExecutor.invokeExecute(DriverCommandExecutor.java:200)
	at org.openqa.selenium.remote.service.DriverCommandExecutor.execute(DriverCommandExecutor.java:175)
	at org.openqa.selenium.remote.RemoteWebDriver.execute(RemoteWebDriver.java:607)
	at org.openqa.selenium.remote.RemoteWebElement.execute(RemoteWebElement.java:224)
	at org.openqa.selenium.remote.RemoteWebElement.click(RemoteWebElement.java:77)
	at TestNG_Package.OrderSummary.Validate_Classic_Subscription_Flow_is_Working_Successfully(OrderSummary.java:113)
... Removed 30 stack frames]]>
    </failure>
  </testcase> <!-- Validate_Classic_Subscription_Flow_is_Working_Successfully -->
  <testcase classname="TestNG_Package.OrderSummary" name="Validate_Classic_Subscription_Flow_is_Working_Successfully" time="4.265"/>
  <testcase classname="TestNG_Package.OrderSummary" name="Validate_Classic_Subscription_Flow_is_Working_Successfully" time="4.875"/>
  <testcase classname="TestNG_Package.OrderSummary" name="Validate_Lite_Subscription_Flow_is_Working_Successfully" time="1.959">
    <failure type="org.openqa.selenium.ElementClickInterceptedException" message="element click intercepted: Element is not clickable at point (725, 601)
  (Session info: chrome=119.0.6045.124)
Build info: version: &amp;apos;4.15.0&amp;apos;, revision: &amp;apos;1d14b5521b&amp;apos;
System info: os.name: &amp;apos;Windows 11&amp;apos;, os.arch: &amp;apos;amd64&amp;apos;, os.version: &amp;apos;10.0&amp;apos;, java.version: &amp;apos;17.0.8.1&amp;apos;
Driver info: org.openqa.selenium.chrome.ChromeDriver
Command: [a44ca6b2c72e4ba1baee0cac9ed883c9, clickElement {id=639FA02E767C3529F0428AF1A0225AAA_element_106}]
Capabilities {acceptInsecureCerts: false, browserName: chrome, browserVersion: 119.0.6045.124, chrome: {chromedriverVersion: 119.0.6045.105 (38c72552c5e..., userDataDir: C:\Users\nohah\AppData\Loca...}, fedcm:accounts: true, goog:chromeOptions: {debuggerAddress: localhost:56582}, networkConnectionEnabled: false, pageLoadStrategy: normal, platformName: windows, proxy: Proxy(), se:cdp: ws://localhost:56582/devtoo..., se:cdpVersion: 119.0.6045.124, setWindowRect: true, strictFileInteractability: false, timeouts: {implicit: 0, pageLoad: 300000, script: 30000}, unhandledPromptBehavior: dismiss and notify, webauthn:extension:credBlob: true, webauthn:extension:largeBlob: true, webauthn:extension:minPinLength: true, webauthn:extension:prf: true, webauthn:virtualAuthenticators: true}
Element: [[ChromeDriver: chrome on windows (a44ca6b2c72e4ba1baee0cac9ed883c9)] -&amp;gt; css selector: #lite-selection]
Session ID: a44ca6b2c72e4ba1baee0cac9ed883c9">
      <![CDATA[org.openqa.selenium.ElementClickInterceptedException: element click intercepted: Element is not clickable at point (725, 601)
  (Session info: chrome=119.0.6045.124)
Build info: version: '4.15.0', revision: '1d14b5521b'
System info: os.name: 'Windows 11', os.arch: 'amd64', os.version: '10.0', java.version: '17.0.8.1'
Driver info: org.openqa.selenium.chrome.ChromeDriver
Command: [a44ca6b2c72e4ba1baee0cac9ed883c9, clickElement {id=639FA02E767C3529F0428AF1A0225AAA_element_106}]
Capabilities {acceptInsecureCerts: false, browserName: chrome, browserVersion: 119.0.6045.124, chrome: {chromedriverVersion: 119.0.6045.105 (38c72552c5e..., userDataDir: C:\Users\nohah\AppData\Loca...}, fedcm:accounts: true, goog:chromeOptions: {debuggerAddress: localhost:56582}, networkConnectionEnabled: false, pageLoadStrategy: normal, platformName: windows, proxy: Proxy(), se:cdp: ws://localhost:56582/devtoo..., se:cdpVersion: 119.0.6045.124, setWindowRect: true, strictFileInteractability: false, timeouts: {implicit: 0, pageLoad: 300000, script: 30000}, unhandledPromptBehavior: dismiss and notify, webauthn:extension:credBlob: true, webauthn:extension:largeBlob: true, webauthn:extension:minPinLength: true, webauthn:extension:prf: true, webauthn:virtualAuthenticators: true}
Element: [[ChromeDriver: chrome on windows (a44ca6b2c72e4ba1baee0cac9ed883c9)] -> css selector: #lite-selection]
Session ID: a44ca6b2c72e4ba1baee0cac9ed883c9
	at org.openqa.selenium.remote.codec.w3c.W3CHttpResponseCodec.createException(W3CHttpResponseCodec.java:200)
	at org.openqa.selenium.remote.codec.w3c.W3CHttpResponseCodec.decode(W3CHttpResponseCodec.java:133)
	at org.openqa.selenium.remote.codec.w3c.W3CHttpResponseCodec.decode(W3CHttpResponseCodec.java:52)
	at org.openqa.selenium.remote.HttpCommandExecutor.execute(HttpCommandExecutor.java:191)
	at org.openqa.selenium.remote.service.DriverCommandExecutor.invokeExecute(DriverCommandExecutor.java:200)
	at org.openqa.selenium.remote.service.DriverCommandExecutor.execute(DriverCommandExecutor.java:175)
	at org.openqa.selenium.remote.RemoteWebDriver.execute(RemoteWebDriver.java:607)
	at org.openqa.selenium.remote.RemoteWebElement.execute(RemoteWebElement.java:224)
	at org.openqa.selenium.remote.RemoteWebElement.click(RemoteWebElement.java:77)
	at TestNG_Package.OrderSummary.Validate_Lite_Subscription_Flow_is_Working_Successfully(OrderSummary.java:48)
... Removed 30 stack frames]]>
    </failure>
  </testcase> <!-- Validate_Lite_Subscription_Flow_is_Working_Successfully -->
  <testcase classname="TestNG_Package.OrderSummary" name="Validate_Lite_Subscription_Flow_is_Working_Successfully" time="1.791">
    <failure type="org.openqa.selenium.ElementClickInterceptedException" message="element click intercepted: Element is not clickable at point (725, 590)
  (Session info: chrome=119.0.6045.124)
Build info: version: &amp;apos;4.15.0&amp;apos;, revision: &amp;apos;1d14b5521b&amp;apos;
System info: os.name: &amp;apos;Windows 11&amp;apos;, os.arch: &amp;apos;amd64&amp;apos;, os.version: &amp;apos;10.0&amp;apos;, java.version: &amp;apos;17.0.8.1&amp;apos;
Driver info: org.openqa.selenium.chrome.ChromeDriver
Command: [a44ca6b2c72e4ba1baee0cac9ed883c9, clickElement {id=CE85A7930C64EED89E45E0F0FD72CC0A_element_118}]
Capabilities {acceptInsecureCerts: false, browserName: chrome, browserVersion: 119.0.6045.124, chrome: {chromedriverVersion: 119.0.6045.105 (38c72552c5e..., userDataDir: C:\Users\nohah\AppData\Loca...}, fedcm:accounts: true, goog:chromeOptions: {debuggerAddress: localhost:56582}, networkConnectionEnabled: false, pageLoadStrategy: normal, platformName: windows, proxy: Proxy(), se:cdp: ws://localhost:56582/devtoo..., se:cdpVersion: 119.0.6045.124, setWindowRect: true, strictFileInteractability: false, timeouts: {implicit: 0, pageLoad: 300000, script: 30000}, unhandledPromptBehavior: dismiss and notify, webauthn:extension:credBlob: true, webauthn:extension:largeBlob: true, webauthn:extension:minPinLength: true, webauthn:extension:prf: true, webauthn:virtualAuthenticators: true}
Element: [[ChromeDriver: chrome on windows (a44ca6b2c72e4ba1baee0cac9ed883c9)] -&amp;gt; css selector: #lite-selection]
Session ID: a44ca6b2c72e4ba1baee0cac9ed883c9">
      <![CDATA[org.openqa.selenium.ElementClickInterceptedException: element click intercepted: Element is not clickable at point (725, 590)
  (Session info: chrome=119.0.6045.124)
Build info: version: '4.15.0', revision: '1d14b5521b'
System info: os.name: 'Windows 11', os.arch: 'amd64', os.version: '10.0', java.version: '17.0.8.1'
Driver info: org.openqa.selenium.chrome.ChromeDriver
Command: [a44ca6b2c72e4ba1baee0cac9ed883c9, clickElement {id=CE85A7930C64EED89E45E0F0FD72CC0A_element_118}]
Capabilities {acceptInsecureCerts: false, browserName: chrome, browserVersion: 119.0.6045.124, chrome: {chromedriverVersion: 119.0.6045.105 (38c72552c5e..., userDataDir: C:\Users\nohah\AppData\Loca...}, fedcm:accounts: true, goog:chromeOptions: {debuggerAddress: localhost:56582}, networkConnectionEnabled: false, pageLoadStrategy: normal, platformName: windows, proxy: Proxy(), se:cdp: ws://localhost:56582/devtoo..., se:cdpVersion: 119.0.6045.124, setWindowRect: true, strictFileInteractability: false, timeouts: {implicit: 0, pageLoad: 300000, script: 30000}, unhandledPromptBehavior: dismiss and notify, webauthn:extension:credBlob: true, webauthn:extension:largeBlob: true, webauthn:extension:minPinLength: true, webauthn:extension:prf: true, webauthn:virtualAuthenticators: true}
Element: [[ChromeDriver: chrome on windows (a44ca6b2c72e4ba1baee0cac9ed883c9)] -> css selector: #lite-selection]
Session ID: a44ca6b2c72e4ba1baee0cac9ed883c9
	at org.openqa.selenium.remote.codec.w3c.W3CHttpResponseCodec.createException(W3CHttpResponseCodec.java:200)
	at org.openqa.selenium.remote.codec.w3c.W3CHttpResponseCodec.decode(W3CHttpResponseCodec.java:133)
	at org.openqa.selenium.remote.codec.w3c.W3CHttpResponseCodec.decode(W3CHttpResponseCodec.java:52)
	at org.openqa.selenium.remote.HttpCommandExecutor.execute(HttpCommandExecutor.java:191)
	at org.openqa.selenium.remote.service.DriverCommandExecutor.invokeExecute(DriverCommandExecutor.java:200)
	at org.openqa.selenium.remote.service.DriverCommandExecutor.execute(DriverCommandExecutor.java:175)
	at org.openqa.selenium.remote.RemoteWebDriver.execute(RemoteWebDriver.java:607)
	at org.openqa.selenium.remote.RemoteWebElement.execute(RemoteWebElement.java:224)
	at org.openqa.selenium.remote.RemoteWebElement.click(RemoteWebElement.java:77)
	at TestNG_Package.OrderSummary.Validate_Lite_Subscription_Flow_is_Working_Successfully(OrderSummary.java:48)
... Removed 30 stack frames]]>
    </failure>
  </testcase> <!-- Validate_Lite_Subscription_Flow_is_Working_Successfully -->
  <testcase classname="TestNG_Package.OrderSummary" name="Validate_Lite_Subscription_Flow_is_Working_Successfully" time="4.258"/>
  <testcase classname="TestNG_Package.OrderSummary" name="Validate_Lite_Subscription_Flow_is_Working_Successfully" time="4.382"/>
  <testcase classname="TestNG_Package.OrderSummary" name="Validate_Lite_Subscription_Flow_is_Working_Successfully" time="4.699"/>
  <testcase classname="TestNG_Package.OrderSummary" name="Validate_Lite_Subscription_Flow_is_Working_Successfully" time="2.068">
    <failure type="org.openqa.selenium.ElementClickInterceptedException" message="element click intercepted: Element is not clickable at point (725, 581)
  (Session info: chrome=119.0.6045.124)
Build info: version: &amp;apos;4.15.0&amp;apos;, revision: &amp;apos;1d14b5521b&amp;apos;
System info: os.name: &amp;apos;Windows 11&amp;apos;, os.arch: &amp;apos;amd64&amp;apos;, os.version: &amp;apos;10.0&amp;apos;, java.version: &amp;apos;17.0.8.1&amp;apos;
Driver info: org.openqa.selenium.chrome.ChromeDriver
Command: [a44ca6b2c72e4ba1baee0cac9ed883c9, clickElement {id=E6231746A1CA4E6C0D83081CB942EFE1_element_100}]
Capabilities {acceptInsecureCerts: false, browserName: chrome, browserVersion: 119.0.6045.124, chrome: {chromedriverVersion: 119.0.6045.105 (38c72552c5e..., userDataDir: C:\Users\nohah\AppData\Loca...}, fedcm:accounts: true, goog:chromeOptions: {debuggerAddress: localhost:56582}, networkConnectionEnabled: false, pageLoadStrategy: normal, platformName: windows, proxy: Proxy(), se:cdp: ws://localhost:56582/devtoo..., se:cdpVersion: 119.0.6045.124, setWindowRect: true, strictFileInteractability: false, timeouts: {implicit: 0, pageLoad: 300000, script: 30000}, unhandledPromptBehavior: dismiss and notify, webauthn:extension:credBlob: true, webauthn:extension:largeBlob: true, webauthn:extension:minPinLength: true, webauthn:extension:prf: true, webauthn:virtualAuthenticators: true}
Element: [[ChromeDriver: chrome on windows (a44ca6b2c72e4ba1baee0cac9ed883c9)] -&amp;gt; css selector: #lite-selection]
Session ID: a44ca6b2c72e4ba1baee0cac9ed883c9">
      <![CDATA[org.openqa.selenium.ElementClickInterceptedException: element click intercepted: Element is not clickable at point (725, 581)
  (Session info: chrome=119.0.6045.124)
Build info: version: '4.15.0', revision: '1d14b5521b'
System info: os.name: 'Windows 11', os.arch: 'amd64', os.version: '10.0', java.version: '17.0.8.1'
Driver info: org.openqa.selenium.chrome.ChromeDriver
Command: [a44ca6b2c72e4ba1baee0cac9ed883c9, clickElement {id=E6231746A1CA4E6C0D83081CB942EFE1_element_100}]
Capabilities {acceptInsecureCerts: false, browserName: chrome, browserVersion: 119.0.6045.124, chrome: {chromedriverVersion: 119.0.6045.105 (38c72552c5e..., userDataDir: C:\Users\nohah\AppData\Loca...}, fedcm:accounts: true, goog:chromeOptions: {debuggerAddress: localhost:56582}, networkConnectionEnabled: false, pageLoadStrategy: normal, platformName: windows, proxy: Proxy(), se:cdp: ws://localhost:56582/devtoo..., se:cdpVersion: 119.0.6045.124, setWindowRect: true, strictFileInteractability: false, timeouts: {implicit: 0, pageLoad: 300000, script: 30000}, unhandledPromptBehavior: dismiss and notify, webauthn:extension:credBlob: true, webauthn:extension:largeBlob: true, webauthn:extension:minPinLength: true, webauthn:extension:prf: true, webauthn:virtualAuthenticators: true}
Element: [[ChromeDriver: chrome on windows (a44ca6b2c72e4ba1baee0cac9ed883c9)] -> css selector: #lite-selection]
Session ID: a44ca6b2c72e4ba1baee0cac9ed883c9
	at org.openqa.selenium.remote.codec.w3c.W3CHttpResponseCodec.createException(W3CHttpResponseCodec.java:200)
	at org.openqa.selenium.remote.codec.w3c.W3CHttpResponseCodec.decode(W3CHttpResponseCodec.java:133)
	at org.openqa.selenium.remote.codec.w3c.W3CHttpResponseCodec.decode(W3CHttpResponseCodec.java:52)
	at org.openqa.selenium.remote.HttpCommandExecutor.execute(HttpCommandExecutor.java:191)
	at org.openqa.selenium.remote.service.DriverCommandExecutor.invokeExecute(DriverCommandExecutor.java:200)
	at org.openqa.selenium.remote.service.DriverCommandExecutor.execute(DriverCommandExecutor.java:175)
	at org.openqa.selenium.remote.RemoteWebDriver.execute(RemoteWebDriver.java:607)
	at org.openqa.selenium.remote.RemoteWebElement.execute(RemoteWebElement.java:224)
	at org.openqa.selenium.remote.RemoteWebElement.click(RemoteWebElement.java:77)
	at TestNG_Package.OrderSummary.Validate_Lite_Subscription_Flow_is_Working_Successfully(OrderSummary.java:48)
... Removed 30 stack frames]]>
    </failure>
  </testcase> <!-- Validate_Lite_Subscription_Flow_is_Working_Successfully -->
  <testcase classname="TestNG_Package.OrderSummary" name="Validate_Lite_Subscription_Flow_is_Working_Successfully" time="1.763">
    <failure type="org.openqa.selenium.ElementClickInterceptedException" message="element click intercepted: Element is not clickable at point (725, 590)
  (Session info: chrome=119.0.6045.124)
Build info: version: &amp;apos;4.15.0&amp;apos;, revision: &amp;apos;1d14b5521b&amp;apos;
System info: os.name: &amp;apos;Windows 11&amp;apos;, os.arch: &amp;apos;amd64&amp;apos;, os.version: &amp;apos;10.0&amp;apos;, java.version: &amp;apos;17.0.8.1&amp;apos;
Driver info: org.openqa.selenium.chrome.ChromeDriver
Command: [a44ca6b2c72e4ba1baee0cac9ed883c9, clickElement {id=527D88A60228EDB718799F353EBD3A01_element_112}]
Capabilities {acceptInsecureCerts: false, browserName: chrome, browserVersion: 119.0.6045.124, chrome: {chromedriverVersion: 119.0.6045.105 (38c72552c5e..., userDataDir: C:\Users\nohah\AppData\Loca...}, fedcm:accounts: true, goog:chromeOptions: {debuggerAddress: localhost:56582}, networkConnectionEnabled: false, pageLoadStrategy: normal, platformName: windows, proxy: Proxy(), se:cdp: ws://localhost:56582/devtoo..., se:cdpVersion: 119.0.6045.124, setWindowRect: true, strictFileInteractability: false, timeouts: {implicit: 0, pageLoad: 300000, script: 30000}, unhandledPromptBehavior: dismiss and notify, webauthn:extension:credBlob: true, webauthn:extension:largeBlob: true, webauthn:extension:minPinLength: true, webauthn:extension:prf: true, webauthn:virtualAuthenticators: true}
Element: [[ChromeDriver: chrome on windows (a44ca6b2c72e4ba1baee0cac9ed883c9)] -&amp;gt; css selector: #lite-selection]
Session ID: a44ca6b2c72e4ba1baee0cac9ed883c9">
      <![CDATA[org.openqa.selenium.ElementClickInterceptedException: element click intercepted: Element is not clickable at point (725, 590)
  (Session info: chrome=119.0.6045.124)
Build info: version: '4.15.0', revision: '1d14b5521b'
System info: os.name: 'Windows 11', os.arch: 'amd64', os.version: '10.0', java.version: '17.0.8.1'
Driver info: org.openqa.selenium.chrome.ChromeDriver
Command: [a44ca6b2c72e4ba1baee0cac9ed883c9, clickElement {id=527D88A60228EDB718799F353EBD3A01_element_112}]
Capabilities {acceptInsecureCerts: false, browserName: chrome, browserVersion: 119.0.6045.124, chrome: {chromedriverVersion: 119.0.6045.105 (38c72552c5e..., userDataDir: C:\Users\nohah\AppData\Loca...}, fedcm:accounts: true, goog:chromeOptions: {debuggerAddress: localhost:56582}, networkConnectionEnabled: false, pageLoadStrategy: normal, platformName: windows, proxy: Proxy(), se:cdp: ws://localhost:56582/devtoo..., se:cdpVersion: 119.0.6045.124, setWindowRect: true, strictFileInteractability: false, timeouts: {implicit: 0, pageLoad: 300000, script: 30000}, unhandledPromptBehavior: dismiss and notify, webauthn:extension:credBlob: true, webauthn:extension:largeBlob: true, webauthn:extension:minPinLength: true, webauthn:extension:prf: true, webauthn:virtualAuthenticators: true}
Element: [[ChromeDriver: chrome on windows (a44ca6b2c72e4ba1baee0cac9ed883c9)] -> css selector: #lite-selection]
Session ID: a44ca6b2c72e4ba1baee0cac9ed883c9
	at org.openqa.selenium.remote.codec.w3c.W3CHttpResponseCodec.createException(W3CHttpResponseCodec.java:200)
	at org.openqa.selenium.remote.codec.w3c.W3CHttpResponseCodec.decode(W3CHttpResponseCodec.java:133)
	at org.openqa.selenium.remote.codec.w3c.W3CHttpResponseCodec.decode(W3CHttpResponseCodec.java:52)
	at org.openqa.selenium.remote.HttpCommandExecutor.execute(HttpCommandExecutor.java:191)
	at org.openqa.selenium.remote.service.DriverCommandExecutor.invokeExecute(DriverCommandExecutor.java:200)
	at org.openqa.selenium.remote.service.DriverCommandExecutor.execute(DriverCommandExecutor.java:175)
	at org.openqa.selenium.remote.RemoteWebDriver.execute(RemoteWebDriver.java:607)
	at org.openqa.selenium.remote.RemoteWebElement.execute(RemoteWebElement.java:224)
	at org.openqa.selenium.remote.RemoteWebElement.click(RemoteWebElement.java:77)
	at TestNG_Package.OrderSummary.Validate_Lite_Subscription_Flow_is_Working_Successfully(OrderSummary.java:48)
... Removed 30 stack frames]]>
    </failure>
  </testcase> <!-- Validate_Lite_Subscription_Flow_is_Working_Successfully -->
  <testcase classname="TestNG_Package.OrderSummary" name="Validate_Lite_Subscription_Flow_is_Working_Successfully" time="4.239"/>
  <testcase classname="TestNG_Package.OrderSummary" name="Validate_Lite_Subscription_Flow_is_Working_Successfully" time="4.931"/>
  <testcase classname="TestNG_Package.OrderSummary" name="Validate_Lite_Subscription_Flow_is_Working_Successfully" time="4.495">
    <failure type="org.openqa.selenium.ElementClickInterceptedException" message="element click intercepted: Element is not clickable at point (725, 601)
  (Session info: chrome=119.0.6045.124)
Build info: version: &amp;apos;4.15.0&amp;apos;, revision: &amp;apos;1d14b5521b&amp;apos;
System info: os.name: &amp;apos;Windows 11&amp;apos;, os.arch: &amp;apos;amd64&amp;apos;, os.version: &amp;apos;10.0&amp;apos;, java.version: &amp;apos;17.0.8.1&amp;apos;
Driver info: org.openqa.selenium.chrome.ChromeDriver
Command: [a44ca6b2c72e4ba1baee0cac9ed883c9, clickElement {id=FAD66C65781F567FAD8A7A211C10C8E6_element_101}]
Capabilities {acceptInsecureCerts: false, browserName: chrome, browserVersion: 119.0.6045.124, chrome: {chromedriverVersion: 119.0.6045.105 (38c72552c5e..., userDataDir: C:\Users\nohah\AppData\Loca...}, fedcm:accounts: true, goog:chromeOptions: {debuggerAddress: localhost:56582}, networkConnectionEnabled: false, pageLoadStrategy: normal, platformName: windows, proxy: Proxy(), se:cdp: ws://localhost:56582/devtoo..., se:cdpVersion: 119.0.6045.124, setWindowRect: true, strictFileInteractability: false, timeouts: {implicit: 0, pageLoad: 300000, script: 30000}, unhandledPromptBehavior: dismiss and notify, webauthn:extension:credBlob: true, webauthn:extension:largeBlob: true, webauthn:extension:minPinLength: true, webauthn:extension:prf: true, webauthn:virtualAuthenticators: true}
Element: [[ChromeDriver: chrome on windows (a44ca6b2c72e4ba1baee0cac9ed883c9)] -&amp;gt; css selector: #lite-selection]
Session ID: a44ca6b2c72e4ba1baee0cac9ed883c9">
      <![CDATA[org.openqa.selenium.ElementClickInterceptedException: element click intercepted: Element is not clickable at point (725, 601)
  (Session info: chrome=119.0.6045.124)
Build info: version: '4.15.0', revision: '1d14b5521b'
System info: os.name: 'Windows 11', os.arch: 'amd64', os.version: '10.0', java.version: '17.0.8.1'
Driver info: org.openqa.selenium.chrome.ChromeDriver
Command: [a44ca6b2c72e4ba1baee0cac9ed883c9, clickElement {id=FAD66C65781F567FAD8A7A211C10C8E6_element_101}]
Capabilities {acceptInsecureCerts: false, browserName: chrome, browserVersion: 119.0.6045.124, chrome: {chromedriverVersion: 119.0.6045.105 (38c72552c5e..., userDataDir: C:\Users\nohah\AppData\Loca...}, fedcm:accounts: true, goog:chromeOptions: {debuggerAddress: localhost:56582}, networkConnectionEnabled: false, pageLoadStrategy: normal, platformName: windows, proxy: Proxy(), se:cdp: ws://localhost:56582/devtoo..., se:cdpVersion: 119.0.6045.124, setWindowRect: true, strictFileInteractability: false, timeouts: {implicit: 0, pageLoad: 300000, script: 30000}, unhandledPromptBehavior: dismiss and notify, webauthn:extension:credBlob: true, webauthn:extension:largeBlob: true, webauthn:extension:minPinLength: true, webauthn:extension:prf: true, webauthn:virtualAuthenticators: true}
Element: [[ChromeDriver: chrome on windows (a44ca6b2c72e4ba1baee0cac9ed883c9)] -> css selector: #lite-selection]
Session ID: a44ca6b2c72e4ba1baee0cac9ed883c9
	at org.openqa.selenium.remote.codec.w3c.W3CHttpResponseCodec.createException(W3CHttpResponseCodec.java:200)
	at org.openqa.selenium.remote.codec.w3c.W3CHttpResponseCodec.decode(W3CHttpResponseCodec.java:133)
	at org.openqa.selenium.remote.codec.w3c.W3CHttpResponseCodec.decode(W3CHttpResponseCodec.java:52)
	at org.openqa.selenium.remote.HttpCommandExecutor.execute(HttpCommandExecutor.java:191)
	at org.openqa.selenium.remote.service.DriverCommandExecutor.invokeExecute(DriverCommandExecutor.java:200)
	at org.openqa.selenium.remote.service.DriverCommandExecutor.execute(DriverCommandExecutor.java:175)
	at org.openqa.selenium.remote.RemoteWebDriver.execute(RemoteWebDriver.java:607)
	at org.openqa.selenium.remote.RemoteWebElement.execute(RemoteWebElement.java:224)
	at org.openqa.selenium.remote.RemoteWebElement.click(RemoteWebElement.java:77)
	at TestNG_Package.OrderSummary.Validate_Lite_Subscription_Flow_is_Working_Successfully(OrderSummary.java:48)
... Removed 30 stack frames]]>
    </failure>
  </testcase> <!-- Validate_Lite_Subscription_Flow_is_Working_Successfully -->
  <testcase classname="TestNG_Package.OrderSummary" name="Validate_Lite_Subscription_Flow_is_Working_Successfully" time="1.863">
    <failure type="org.openqa.selenium.ElementClickInterceptedException" message="element click intercepted: Element is not clickable at point (725, 590)
  (Session info: chrome=119.0.6045.124)
Build info: version: &amp;apos;4.15.0&amp;apos;, revision: &amp;apos;1d14b5521b&amp;apos;
System info: os.name: &amp;apos;Windows 11&amp;apos;, os.arch: &amp;apos;amd64&amp;apos;, os.version: &amp;apos;10.0&amp;apos;, java.version: &amp;apos;17.0.8.1&amp;apos;
Driver info: org.openqa.selenium.chrome.ChromeDriver
Command: [a44ca6b2c72e4ba1baee0cac9ed883c9, clickElement {id=315A957CC6213C2DAD2FDB576A06E81F_element_113}]
Capabilities {acceptInsecureCerts: false, browserName: chrome, browserVersion: 119.0.6045.124, chrome: {chromedriverVersion: 119.0.6045.105 (38c72552c5e..., userDataDir: C:\Users\nohah\AppData\Loca...}, fedcm:accounts: true, goog:chromeOptions: {debuggerAddress: localhost:56582}, networkConnectionEnabled: false, pageLoadStrategy: normal, platformName: windows, proxy: Proxy(), se:cdp: ws://localhost:56582/devtoo..., se:cdpVersion: 119.0.6045.124, setWindowRect: true, strictFileInteractability: false, timeouts: {implicit: 0, pageLoad: 300000, script: 30000}, unhandledPromptBehavior: dismiss and notify, webauthn:extension:credBlob: true, webauthn:extension:largeBlob: true, webauthn:extension:minPinLength: true, webauthn:extension:prf: true, webauthn:virtualAuthenticators: true}
Element: [[ChromeDriver: chrome on windows (a44ca6b2c72e4ba1baee0cac9ed883c9)] -&amp;gt; css selector: #lite-selection]
Session ID: a44ca6b2c72e4ba1baee0cac9ed883c9">
      <![CDATA[org.openqa.selenium.ElementClickInterceptedException: element click intercepted: Element is not clickable at point (725, 590)
  (Session info: chrome=119.0.6045.124)
Build info: version: '4.15.0', revision: '1d14b5521b'
System info: os.name: 'Windows 11', os.arch: 'amd64', os.version: '10.0', java.version: '17.0.8.1'
Driver info: org.openqa.selenium.chrome.ChromeDriver
Command: [a44ca6b2c72e4ba1baee0cac9ed883c9, clickElement {id=315A957CC6213C2DAD2FDB576A06E81F_element_113}]
Capabilities {acceptInsecureCerts: false, browserName: chrome, browserVersion: 119.0.6045.124, chrome: {chromedriverVersion: 119.0.6045.105 (38c72552c5e..., userDataDir: C:\Users\nohah\AppData\Loca...}, fedcm:accounts: true, goog:chromeOptions: {debuggerAddress: localhost:56582}, networkConnectionEnabled: false, pageLoadStrategy: normal, platformName: windows, proxy: Proxy(), se:cdp: ws://localhost:56582/devtoo..., se:cdpVersion: 119.0.6045.124, setWindowRect: true, strictFileInteractability: false, timeouts: {implicit: 0, pageLoad: 300000, script: 30000}, unhandledPromptBehavior: dismiss and notify, webauthn:extension:credBlob: true, webauthn:extension:largeBlob: true, webauthn:extension:minPinLength: true, webauthn:extension:prf: true, webauthn:virtualAuthenticators: true}
Element: [[ChromeDriver: chrome on windows (a44ca6b2c72e4ba1baee0cac9ed883c9)] -> css selector: #lite-selection]
Session ID: a44ca6b2c72e4ba1baee0cac9ed883c9
	at org.openqa.selenium.remote.codec.w3c.W3CHttpResponseCodec.createException(W3CHttpResponseCodec.java:200)
	at org.openqa.selenium.remote.codec.w3c.W3CHttpResponseCodec.decode(W3CHttpResponseCodec.java:133)
	at org.openqa.selenium.remote.codec.w3c.W3CHttpResponseCodec.decode(W3CHttpResponseCodec.java:52)
	at org.openqa.selenium.remote.HttpCommandExecutor.execute(HttpCommandExecutor.java:191)
	at org.openqa.selenium.remote.service.DriverCommandExecutor.invokeExecute(DriverCommandExecutor.java:200)
	at org.openqa.selenium.remote.service.DriverCommandExecutor.execute(DriverCommandExecutor.java:175)
	at org.openqa.selenium.remote.RemoteWebDriver.execute(RemoteWebDriver.java:607)
	at org.openqa.selenium.remote.RemoteWebElement.execute(RemoteWebElement.java:224)
	at org.openqa.selenium.remote.RemoteWebElement.click(RemoteWebElement.java:77)
	at TestNG_Package.OrderSummary.Validate_Lite_Subscription_Flow_is_Working_Successfully(OrderSummary.java:48)
... Removed 30 stack frames]]>
    </failure>
  </testcase> <!-- Validate_Lite_Subscription_Flow_is_Working_Successfully -->
  <testcase classname="TestNG_Package.OrderSummary" name="Validate_Lite_Subscription_Flow_is_Working_Successfully" time="6.009"/>
  <testcase classname="TestNG_Package.OrderSummary" name="Validate_Lite_Subscription_Flow_is_Working_Successfully" time="4.489"/>
  <testcase classname="TestNG_Package.OrderSummary" name="Validate_Premium_Subscription_Flow_is_Working_Successfully" time="2.091">
    <failure type="org.openqa.selenium.ElementClickInterceptedException" message="element click intercepted: Element is not clickable at point (1099, 601)
  (Session info: chrome=119.0.6045.124)
Build info: version: &amp;apos;4.15.0&amp;apos;, revision: &amp;apos;1d14b5521b&amp;apos;
System info: os.name: &amp;apos;Windows 11&amp;apos;, os.arch: &amp;apos;amd64&amp;apos;, os.version: &amp;apos;10.0&amp;apos;, java.version: &amp;apos;17.0.8.1&amp;apos;
Driver info: org.openqa.selenium.chrome.ChromeDriver
Command: [a44ca6b2c72e4ba1baee0cac9ed883c9, clickElement {id=6B215AA88DA1C86C6AE18F338368EA86_element_106}]
Capabilities {acceptInsecureCerts: false, browserName: chrome, browserVersion: 119.0.6045.124, chrome: {chromedriverVersion: 119.0.6045.105 (38c72552c5e..., userDataDir: C:\Users\nohah\AppData\Loca...}, fedcm:accounts: true, goog:chromeOptions: {debuggerAddress: localhost:56582}, networkConnectionEnabled: false, pageLoadStrategy: normal, platformName: windows, proxy: Proxy(), se:cdp: ws://localhost:56582/devtoo..., se:cdpVersion: 119.0.6045.124, setWindowRect: true, strictFileInteractability: false, timeouts: {implicit: 0, pageLoad: 300000, script: 30000}, unhandledPromptBehavior: dismiss and notify, webauthn:extension:credBlob: true, webauthn:extension:largeBlob: true, webauthn:extension:minPinLength: true, webauthn:extension:prf: true, webauthn:virtualAuthenticators: true}
Element: [[ChromeDriver: chrome on windows (a44ca6b2c72e4ba1baee0cac9ed883c9)] -&amp;gt; css selector: #premium-selection]
Session ID: a44ca6b2c72e4ba1baee0cac9ed883c9">
      <![CDATA[org.openqa.selenium.ElementClickInterceptedException: element click intercepted: Element is not clickable at point (1099, 601)
  (Session info: chrome=119.0.6045.124)
Build info: version: '4.15.0', revision: '1d14b5521b'
System info: os.name: 'Windows 11', os.arch: 'amd64', os.version: '10.0', java.version: '17.0.8.1'
Driver info: org.openqa.selenium.chrome.ChromeDriver
Command: [a44ca6b2c72e4ba1baee0cac9ed883c9, clickElement {id=6B215AA88DA1C86C6AE18F338368EA86_element_106}]
Capabilities {acceptInsecureCerts: false, browserName: chrome, browserVersion: 119.0.6045.124, chrome: {chromedriverVersion: 119.0.6045.105 (38c72552c5e..., userDataDir: C:\Users\nohah\AppData\Loca...}, fedcm:accounts: true, goog:chromeOptions: {debuggerAddress: localhost:56582}, networkConnectionEnabled: false, pageLoadStrategy: normal, platformName: windows, proxy: Proxy(), se:cdp: ws://localhost:56582/devtoo..., se:cdpVersion: 119.0.6045.124, setWindowRect: true, strictFileInteractability: false, timeouts: {implicit: 0, pageLoad: 300000, script: 30000}, unhandledPromptBehavior: dismiss and notify, webauthn:extension:credBlob: true, webauthn:extension:largeBlob: true, webauthn:extension:minPinLength: true, webauthn:extension:prf: true, webauthn:virtualAuthenticators: true}
Element: [[ChromeDriver: chrome on windows (a44ca6b2c72e4ba1baee0cac9ed883c9)] -> css selector: #premium-selection]
Session ID: a44ca6b2c72e4ba1baee0cac9ed883c9
	at org.openqa.selenium.remote.codec.w3c.W3CHttpResponseCodec.createException(W3CHttpResponseCodec.java:200)
	at org.openqa.selenium.remote.codec.w3c.W3CHttpResponseCodec.decode(W3CHttpResponseCodec.java:133)
	at org.openqa.selenium.remote.codec.w3c.W3CHttpResponseCodec.decode(W3CHttpResponseCodec.java:52)
	at org.openqa.selenium.remote.HttpCommandExecutor.execute(HttpCommandExecutor.java:191)
	at org.openqa.selenium.remote.service.DriverCommandExecutor.invokeExecute(DriverCommandExecutor.java:200)
	at org.openqa.selenium.remote.service.DriverCommandExecutor.execute(DriverCommandExecutor.java:175)
	at org.openqa.selenium.remote.RemoteWebDriver.execute(RemoteWebDriver.java:607)
	at org.openqa.selenium.remote.RemoteWebElement.execute(RemoteWebElement.java:224)
	at org.openqa.selenium.remote.RemoteWebElement.click(RemoteWebElement.java:77)
	at TestNG_Package.OrderSummary.Validate_Premium_Subscription_Flow_is_Working_Successfully(OrderSummary.java:178)
... Removed 30 stack frames]]>
    </failure>
  </testcase> <!-- Validate_Premium_Subscription_Flow_is_Working_Successfully -->
  <testcase classname="TestNG_Package.OrderSummary" name="Validate_Premium_Subscription_Flow_is_Working_Successfully" time="1.909">
    <failure type="org.openqa.selenium.ElementClickInterceptedException" message="element click intercepted: Element is not clickable at point (1099, 590)
  (Session info: chrome=119.0.6045.124)
Build info: version: &amp;apos;4.15.0&amp;apos;, revision: &amp;apos;1d14b5521b&amp;apos;
System info: os.name: &amp;apos;Windows 11&amp;apos;, os.arch: &amp;apos;amd64&amp;apos;, os.version: &amp;apos;10.0&amp;apos;, java.version: &amp;apos;17.0.8.1&amp;apos;
Driver info: org.openqa.selenium.chrome.ChromeDriver
Command: [a44ca6b2c72e4ba1baee0cac9ed883c9, clickElement {id=BBCCDB6B39BD6976467579E504758F5B_element_118}]
Capabilities {acceptInsecureCerts: false, browserName: chrome, browserVersion: 119.0.6045.124, chrome: {chromedriverVersion: 119.0.6045.105 (38c72552c5e..., userDataDir: C:\Users\nohah\AppData\Loca...}, fedcm:accounts: true, goog:chromeOptions: {debuggerAddress: localhost:56582}, networkConnectionEnabled: false, pageLoadStrategy: normal, platformName: windows, proxy: Proxy(), se:cdp: ws://localhost:56582/devtoo..., se:cdpVersion: 119.0.6045.124, setWindowRect: true, strictFileInteractability: false, timeouts: {implicit: 0, pageLoad: 300000, script: 30000}, unhandledPromptBehavior: dismiss and notify, webauthn:extension:credBlob: true, webauthn:extension:largeBlob: true, webauthn:extension:minPinLength: true, webauthn:extension:prf: true, webauthn:virtualAuthenticators: true}
Element: [[ChromeDriver: chrome on windows (a44ca6b2c72e4ba1baee0cac9ed883c9)] -&amp;gt; css selector: #premium-selection]
Session ID: a44ca6b2c72e4ba1baee0cac9ed883c9">
      <![CDATA[org.openqa.selenium.ElementClickInterceptedException: element click intercepted: Element is not clickable at point (1099, 590)
  (Session info: chrome=119.0.6045.124)
Build info: version: '4.15.0', revision: '1d14b5521b'
System info: os.name: 'Windows 11', os.arch: 'amd64', os.version: '10.0', java.version: '17.0.8.1'
Driver info: org.openqa.selenium.chrome.ChromeDriver
Command: [a44ca6b2c72e4ba1baee0cac9ed883c9, clickElement {id=BBCCDB6B39BD6976467579E504758F5B_element_118}]
Capabilities {acceptInsecureCerts: false, browserName: chrome, browserVersion: 119.0.6045.124, chrome: {chromedriverVersion: 119.0.6045.105 (38c72552c5e..., userDataDir: C:\Users\nohah\AppData\Loca...}, fedcm:accounts: true, goog:chromeOptions: {debuggerAddress: localhost:56582}, networkConnectionEnabled: false, pageLoadStrategy: normal, platformName: windows, proxy: Proxy(), se:cdp: ws://localhost:56582/devtoo..., se:cdpVersion: 119.0.6045.124, setWindowRect: true, strictFileInteractability: false, timeouts: {implicit: 0, pageLoad: 300000, script: 30000}, unhandledPromptBehavior: dismiss and notify, webauthn:extension:credBlob: true, webauthn:extension:largeBlob: true, webauthn:extension:minPinLength: true, webauthn:extension:prf: true, webauthn:virtualAuthenticators: true}
Element: [[ChromeDriver: chrome on windows (a44ca6b2c72e4ba1baee0cac9ed883c9)] -> css selector: #premium-selection]
Session ID: a44ca6b2c72e4ba1baee0cac9ed883c9
	at org.openqa.selenium.remote.codec.w3c.W3CHttpResponseCodec.createException(W3CHttpResponseCodec.java:200)
	at org.openqa.selenium.remote.codec.w3c.W3CHttpResponseCodec.decode(W3CHttpResponseCodec.java:133)
	at org.openqa.selenium.remote.codec.w3c.W3CHttpResponseCodec.decode(W3CHttpResponseCodec.java:52)
	at org.openqa.selenium.remote.HttpCommandExecutor.execute(HttpCommandExecutor.java:191)
	at org.openqa.selenium.remote.service.DriverCommandExecutor.invokeExecute(DriverCommandExecutor.java:200)
	at org.openqa.selenium.remote.service.DriverCommandExecutor.execute(DriverCommandExecutor.java:175)
	at org.openqa.selenium.remote.RemoteWebDriver.execute(RemoteWebDriver.java:607)
	at org.openqa.selenium.remote.RemoteWebElement.execute(RemoteWebElement.java:224)
	at org.openqa.selenium.remote.RemoteWebElement.click(RemoteWebElement.java:77)
	at TestNG_Package.OrderSummary.Validate_Premium_Subscription_Flow_is_Working_Successfully(OrderSummary.java:178)
... Removed 30 stack frames]]>
    </failure>
  </testcase> <!-- Validate_Premium_Subscription_Flow_is_Working_Successfully -->
  <testcase classname="TestNG_Package.OrderSummary" name="Validate_Premium_Subscription_Flow_is_Working_Successfully" time="4.795"/>
  <testcase classname="TestNG_Package.OrderSummary" name="Validate_Premium_Subscription_Flow_is_Working_Successfully" time="4.406"/>
  <testcase classname="TestNG_Package.OrderSummary" name="Validate_Premium_Subscription_Flow_is_Working_Successfully" time="4.317"/>
  <testcase classname="TestNG_Package.OrderSummary" name="Validate_Premium_Subscription_Flow_is_Working_Successfully" time="2.011">
    <failure type="org.openqa.selenium.ElementClickInterceptedException" message="element click intercepted: Element is not clickable at point (1099, 581)
  (Session info: chrome=119.0.6045.124)
Build info: version: &amp;apos;4.15.0&amp;apos;, revision: &amp;apos;1d14b5521b&amp;apos;
System info: os.name: &amp;apos;Windows 11&amp;apos;, os.arch: &amp;apos;amd64&amp;apos;, os.version: &amp;apos;10.0&amp;apos;, java.version: &amp;apos;17.0.8.1&amp;apos;
Driver info: org.openqa.selenium.chrome.ChromeDriver
Command: [a44ca6b2c72e4ba1baee0cac9ed883c9, clickElement {id=F03CEF91E2D9A44A63DAB09E9FCDE2DD_element_99}]
Capabilities {acceptInsecureCerts: false, browserName: chrome, browserVersion: 119.0.6045.124, chrome: {chromedriverVersion: 119.0.6045.105 (38c72552c5e..., userDataDir: C:\Users\nohah\AppData\Loca...}, fedcm:accounts: true, goog:chromeOptions: {debuggerAddress: localhost:56582}, networkConnectionEnabled: false, pageLoadStrategy: normal, platformName: windows, proxy: Proxy(), se:cdp: ws://localhost:56582/devtoo..., se:cdpVersion: 119.0.6045.124, setWindowRect: true, strictFileInteractability: false, timeouts: {implicit: 0, pageLoad: 300000, script: 30000}, unhandledPromptBehavior: dismiss and notify, webauthn:extension:credBlob: true, webauthn:extension:largeBlob: true, webauthn:extension:minPinLength: true, webauthn:extension:prf: true, webauthn:virtualAuthenticators: true}
Element: [[ChromeDriver: chrome on windows (a44ca6b2c72e4ba1baee0cac9ed883c9)] -&amp;gt; css selector: #premium-selection]
Session ID: a44ca6b2c72e4ba1baee0cac9ed883c9">
      <![CDATA[org.openqa.selenium.ElementClickInterceptedException: element click intercepted: Element is not clickable at point (1099, 581)
  (Session info: chrome=119.0.6045.124)
Build info: version: '4.15.0', revision: '1d14b5521b'
System info: os.name: 'Windows 11', os.arch: 'amd64', os.version: '10.0', java.version: '17.0.8.1'
Driver info: org.openqa.selenium.chrome.ChromeDriver
Command: [a44ca6b2c72e4ba1baee0cac9ed883c9, clickElement {id=F03CEF91E2D9A44A63DAB09E9FCDE2DD_element_99}]
Capabilities {acceptInsecureCerts: false, browserName: chrome, browserVersion: 119.0.6045.124, chrome: {chromedriverVersion: 119.0.6045.105 (38c72552c5e..., userDataDir: C:\Users\nohah\AppData\Loca...}, fedcm:accounts: true, goog:chromeOptions: {debuggerAddress: localhost:56582}, networkConnectionEnabled: false, pageLoadStrategy: normal, platformName: windows, proxy: Proxy(), se:cdp: ws://localhost:56582/devtoo..., se:cdpVersion: 119.0.6045.124, setWindowRect: true, strictFileInteractability: false, timeouts: {implicit: 0, pageLoad: 300000, script: 30000}, unhandledPromptBehavior: dismiss and notify, webauthn:extension:credBlob: true, webauthn:extension:largeBlob: true, webauthn:extension:minPinLength: true, webauthn:extension:prf: true, webauthn:virtualAuthenticators: true}
Element: [[ChromeDriver: chrome on windows (a44ca6b2c72e4ba1baee0cac9ed883c9)] -> css selector: #premium-selection]
Session ID: a44ca6b2c72e4ba1baee0cac9ed883c9
	at org.openqa.selenium.remote.codec.w3c.W3CHttpResponseCodec.createException(W3CHttpResponseCodec.java:200)
	at org.openqa.selenium.remote.codec.w3c.W3CHttpResponseCodec.decode(W3CHttpResponseCodec.java:133)
	at org.openqa.selenium.remote.codec.w3c.W3CHttpResponseCodec.decode(W3CHttpResponseCodec.java:52)
	at org.openqa.selenium.remote.HttpCommandExecutor.execute(HttpCommandExecutor.java:191)
	at org.openqa.selenium.remote.service.DriverCommandExecutor.invokeExecute(DriverCommandExecutor.java:200)
	at org.openqa.selenium.remote.service.DriverCommandExecutor.execute(DriverCommandExecutor.java:175)
	at org.openqa.selenium.remote.RemoteWebDriver.execute(RemoteWebDriver.java:607)
	at org.openqa.selenium.remote.RemoteWebElement.execute(RemoteWebElement.java:224)
	at org.openqa.selenium.remote.RemoteWebElement.click(RemoteWebElement.java:77)
	at TestNG_Package.OrderSummary.Validate_Premium_Subscription_Flow_is_Working_Successfully(OrderSummary.java:178)
... Removed 30 stack frames]]>
    </failure>
  </testcase> <!-- Validate_Premium_Subscription_Flow_is_Working_Successfully -->
  <testcase classname="TestNG_Package.OrderSummary" name="Validate_Premium_Subscription_Flow_is_Working_Successfully" time="1.893">
    <failure type="org.openqa.selenium.ElementClickInterceptedException" message="element click intercepted: Element is not clickable at point (1099, 597)
  (Session info: chrome=119.0.6045.124)
Build info: version: &amp;apos;4.15.0&amp;apos;, revision: &amp;apos;1d14b5521b&amp;apos;
System info: os.name: &amp;apos;Windows 11&amp;apos;, os.arch: &amp;apos;amd64&amp;apos;, os.version: &amp;apos;10.0&amp;apos;, java.version: &amp;apos;17.0.8.1&amp;apos;
Driver info: org.openqa.selenium.chrome.ChromeDriver
Command: [a44ca6b2c72e4ba1baee0cac9ed883c9, clickElement {id=F74F12AC97642F4C0D7BA143E96F1D32_element_111}]
Capabilities {acceptInsecureCerts: false, browserName: chrome, browserVersion: 119.0.6045.124, chrome: {chromedriverVersion: 119.0.6045.105 (38c72552c5e..., userDataDir: C:\Users\nohah\AppData\Loca...}, fedcm:accounts: true, goog:chromeOptions: {debuggerAddress: localhost:56582}, networkConnectionEnabled: false, pageLoadStrategy: normal, platformName: windows, proxy: Proxy(), se:cdp: ws://localhost:56582/devtoo..., se:cdpVersion: 119.0.6045.124, setWindowRect: true, strictFileInteractability: false, timeouts: {implicit: 0, pageLoad: 300000, script: 30000}, unhandledPromptBehavior: dismiss and notify, webauthn:extension:credBlob: true, webauthn:extension:largeBlob: true, webauthn:extension:minPinLength: true, webauthn:extension:prf: true, webauthn:virtualAuthenticators: true}
Element: [[ChromeDriver: chrome on windows (a44ca6b2c72e4ba1baee0cac9ed883c9)] -&amp;gt; css selector: #premium-selection]
Session ID: a44ca6b2c72e4ba1baee0cac9ed883c9">
      <![CDATA[org.openqa.selenium.ElementClickInterceptedException: element click intercepted: Element is not clickable at point (1099, 597)
  (Session info: chrome=119.0.6045.124)
Build info: version: '4.15.0', revision: '1d14b5521b'
System info: os.name: 'Windows 11', os.arch: 'amd64', os.version: '10.0', java.version: '17.0.8.1'
Driver info: org.openqa.selenium.chrome.ChromeDriver
Command: [a44ca6b2c72e4ba1baee0cac9ed883c9, clickElement {id=F74F12AC97642F4C0D7BA143E96F1D32_element_111}]
Capabilities {acceptInsecureCerts: false, browserName: chrome, browserVersion: 119.0.6045.124, chrome: {chromedriverVersion: 119.0.6045.105 (38c72552c5e..., userDataDir: C:\Users\nohah\AppData\Loca...}, fedcm:accounts: true, goog:chromeOptions: {debuggerAddress: localhost:56582}, networkConnectionEnabled: false, pageLoadStrategy: normal, platformName: windows, proxy: Proxy(), se:cdp: ws://localhost:56582/devtoo..., se:cdpVersion: 119.0.6045.124, setWindowRect: true, strictFileInteractability: false, timeouts: {implicit: 0, pageLoad: 300000, script: 30000}, unhandledPromptBehavior: dismiss and notify, webauthn:extension:credBlob: true, webauthn:extension:largeBlob: true, webauthn:extension:minPinLength: true, webauthn:extension:prf: true, webauthn:virtualAuthenticators: true}
Element: [[ChromeDriver: chrome on windows (a44ca6b2c72e4ba1baee0cac9ed883c9)] -> css selector: #premium-selection]
Session ID: a44ca6b2c72e4ba1baee0cac9ed883c9
	at org.openqa.selenium.remote.codec.w3c.W3CHttpResponseCodec.createException(W3CHttpResponseCodec.java:200)
	at org.openqa.selenium.remote.codec.w3c.W3CHttpResponseCodec.decode(W3CHttpResponseCodec.java:133)
	at org.openqa.selenium.remote.codec.w3c.W3CHttpResponseCodec.decode(W3CHttpResponseCodec.java:52)
	at org.openqa.selenium.remote.HttpCommandExecutor.execute(HttpCommandExecutor.java:191)
	at org.openqa.selenium.remote.service.DriverCommandExecutor.invokeExecute(DriverCommandExecutor.java:200)
	at org.openqa.selenium.remote.service.DriverCommandExecutor.execute(DriverCommandExecutor.java:175)
	at org.openqa.selenium.remote.RemoteWebDriver.execute(RemoteWebDriver.java:607)
	at org.openqa.selenium.remote.RemoteWebElement.execute(RemoteWebElement.java:224)
	at org.openqa.selenium.remote.RemoteWebElement.click(RemoteWebElement.java:77)
	at TestNG_Package.OrderSummary.Validate_Premium_Subscription_Flow_is_Working_Successfully(OrderSummary.java:178)
... Removed 30 stack frames]]>
    </failure>
  </testcase> <!-- Validate_Premium_Subscription_Flow_is_Working_Successfully -->
  <testcase classname="TestNG_Package.OrderSummary" name="Validate_Premium_Subscription_Flow_is_Working_Successfully" time="4.63"/>
  <testcase classname="TestNG_Package.OrderSummary" name="Validate_Premium_Subscription_Flow_is_Working_Successfully" time="4.362"/>
  <testcase classname="TestNG_Package.OrderSummary" name="Validate_Premium_Subscription_Flow_is_Working_Successfully" time="1.942">
    <failure type="org.openqa.selenium.ElementClickInterceptedException" message="element click intercepted: Element is not clickable at point (1099, 590)
  (Session info: chrome=119.0.6045.124)
Build info: version: &amp;apos;4.15.0&amp;apos;, revision: &amp;apos;1d14b5521b&amp;apos;
System info: os.name: &amp;apos;Windows 11&amp;apos;, os.arch: &amp;apos;amd64&amp;apos;, os.version: &amp;apos;10.0&amp;apos;, java.version: &amp;apos;17.0.8.1&amp;apos;
Driver info: org.openqa.selenium.chrome.ChromeDriver
Command: [a44ca6b2c72e4ba1baee0cac9ed883c9, clickElement {id=9F98E3FE236F8350C82F140AC3852E88_element_100}]
Capabilities {acceptInsecureCerts: false, browserName: chrome, browserVersion: 119.0.6045.124, chrome: {chromedriverVersion: 119.0.6045.105 (38c72552c5e..., userDataDir: C:\Users\nohah\AppData\Loca...}, fedcm:accounts: true, goog:chromeOptions: {debuggerAddress: localhost:56582}, networkConnectionEnabled: false, pageLoadStrategy: normal, platformName: windows, proxy: Proxy(), se:cdp: ws://localhost:56582/devtoo..., se:cdpVersion: 119.0.6045.124, setWindowRect: true, strictFileInteractability: false, timeouts: {implicit: 0, pageLoad: 300000, script: 30000}, unhandledPromptBehavior: dismiss and notify, webauthn:extension:credBlob: true, webauthn:extension:largeBlob: true, webauthn:extension:minPinLength: true, webauthn:extension:prf: true, webauthn:virtualAuthenticators: true}
Element: [[ChromeDriver: chrome on windows (a44ca6b2c72e4ba1baee0cac9ed883c9)] -&amp;gt; css selector: #premium-selection]
Session ID: a44ca6b2c72e4ba1baee0cac9ed883c9">
      <![CDATA[org.openqa.selenium.ElementClickInterceptedException: element click intercepted: Element is not clickable at point (1099, 590)
  (Session info: chrome=119.0.6045.124)
Build info: version: '4.15.0', revision: '1d14b5521b'
System info: os.name: 'Windows 11', os.arch: 'amd64', os.version: '10.0', java.version: '17.0.8.1'
Driver info: org.openqa.selenium.chrome.ChromeDriver
Command: [a44ca6b2c72e4ba1baee0cac9ed883c9, clickElement {id=9F98E3FE236F8350C82F140AC3852E88_element_100}]
Capabilities {acceptInsecureCerts: false, browserName: chrome, browserVersion: 119.0.6045.124, chrome: {chromedriverVersion: 119.0.6045.105 (38c72552c5e..., userDataDir: C:\Users\nohah\AppData\Loca...}, fedcm:accounts: true, goog:chromeOptions: {debuggerAddress: localhost:56582}, networkConnectionEnabled: false, pageLoadStrategy: normal, platformName: windows, proxy: Proxy(), se:cdp: ws://localhost:56582/devtoo..., se:cdpVersion: 119.0.6045.124, setWindowRect: true, strictFileInteractability: false, timeouts: {implicit: 0, pageLoad: 300000, script: 30000}, unhandledPromptBehavior: dismiss and notify, webauthn:extension:credBlob: true, webauthn:extension:largeBlob: true, webauthn:extension:minPinLength: true, webauthn:extension:prf: true, webauthn:virtualAuthenticators: true}
Element: [[ChromeDriver: chrome on windows (a44ca6b2c72e4ba1baee0cac9ed883c9)] -> css selector: #premium-selection]
Session ID: a44ca6b2c72e4ba1baee0cac9ed883c9
	at org.openqa.selenium.remote.codec.w3c.W3CHttpResponseCodec.createException(W3CHttpResponseCodec.java:200)
	at org.openqa.selenium.remote.codec.w3c.W3CHttpResponseCodec.decode(W3CHttpResponseCodec.java:133)
	at org.openqa.selenium.remote.codec.w3c.W3CHttpResponseCodec.decode(W3CHttpResponseCodec.java:52)
	at org.openqa.selenium.remote.HttpCommandExecutor.execute(HttpCommandExecutor.java:191)
	at org.openqa.selenium.remote.service.DriverCommandExecutor.invokeExecute(DriverCommandExecutor.java:200)
	at org.openqa.selenium.remote.service.DriverCommandExecutor.execute(DriverCommandExecutor.java:175)
	at org.openqa.selenium.remote.RemoteWebDriver.execute(RemoteWebDriver.java:607)
	at org.openqa.selenium.remote.RemoteWebElement.execute(RemoteWebElement.java:224)
	at org.openqa.selenium.remote.RemoteWebElement.click(RemoteWebElement.java:77)
	at TestNG_Package.OrderSummary.Validate_Premium_Subscription_Flow_is_Working_Successfully(OrderSummary.java:178)
... Removed 29 stack frames]]>
    </failure>
  </testcase> <!-- Validate_Premium_Subscription_Flow_is_Working_Successfully -->
  <testcase classname="TestNG_Package.OrderSummary" name="Validate_Premium_Subscription_Flow_is_Working_Successfully" time="1.839">
    <failure type="org.openqa.selenium.ElementClickInterceptedException" message="element click intercepted: Element is not clickable at point (1099, 597)
  (Session info: chrome=119.0.6045.124)
Build info: version: &amp;apos;4.15.0&amp;apos;, revision: &amp;apos;1d14b5521b&amp;apos;
System info: os.name: &amp;apos;Windows 11&amp;apos;, os.arch: &amp;apos;amd64&amp;apos;, os.version: &amp;apos;10.0&amp;apos;, java.version: &amp;apos;17.0.8.1&amp;apos;
Driver info: org.openqa.selenium.chrome.ChromeDriver
Command: [a44ca6b2c72e4ba1baee0cac9ed883c9, clickElement {id=0351DD4043AA3AF7B9B7DF132F3B2CEB_element_113}]
Capabilities {acceptInsecureCerts: false, browserName: chrome, browserVersion: 119.0.6045.124, chrome: {chromedriverVersion: 119.0.6045.105 (38c72552c5e..., userDataDir: C:\Users\nohah\AppData\Loca...}, fedcm:accounts: true, goog:chromeOptions: {debuggerAddress: localhost:56582}, networkConnectionEnabled: false, pageLoadStrategy: normal, platformName: windows, proxy: Proxy(), se:cdp: ws://localhost:56582/devtoo..., se:cdpVersion: 119.0.6045.124, setWindowRect: true, strictFileInteractability: false, timeouts: {implicit: 0, pageLoad: 300000, script: 30000}, unhandledPromptBehavior: dismiss and notify, webauthn:extension:credBlob: true, webauthn:extension:largeBlob: true, webauthn:extension:minPinLength: true, webauthn:extension:prf: true, webauthn:virtualAuthenticators: true}
Element: [[ChromeDriver: chrome on windows (a44ca6b2c72e4ba1baee0cac9ed883c9)] -&amp;gt; css selector: #premium-selection]
Session ID: a44ca6b2c72e4ba1baee0cac9ed883c9">
      <![CDATA[org.openqa.selenium.ElementClickInterceptedException: element click intercepted: Element is not clickable at point (1099, 597)
  (Session info: chrome=119.0.6045.124)
Build info: version: '4.15.0', revision: '1d14b5521b'
System info: os.name: 'Windows 11', os.arch: 'amd64', os.version: '10.0', java.version: '17.0.8.1'
Driver info: org.openqa.selenium.chrome.ChromeDriver
Command: [a44ca6b2c72e4ba1baee0cac9ed883c9, clickElement {id=0351DD4043AA3AF7B9B7DF132F3B2CEB_element_113}]
Capabilities {acceptInsecureCerts: false, browserName: chrome, browserVersion: 119.0.6045.124, chrome: {chromedriverVersion: 119.0.6045.105 (38c72552c5e..., userDataDir: C:\Users\nohah\AppData\Loca...}, fedcm:accounts: true, goog:chromeOptions: {debuggerAddress: localhost:56582}, networkConnectionEnabled: false, pageLoadStrategy: normal, platformName: windows, proxy: Proxy(), se:cdp: ws://localhost:56582/devtoo..., se:cdpVersion: 119.0.6045.124, setWindowRect: true, strictFileInteractability: false, timeouts: {implicit: 0, pageLoad: 300000, script: 30000}, unhandledPromptBehavior: dismiss and notify, webauthn:extension:credBlob: true, webauthn:extension:largeBlob: true, webauthn:extension:minPinLength: true, webauthn:extension:prf: true, webauthn:virtualAuthenticators: true}
Element: [[ChromeDriver: chrome on windows (a44ca6b2c72e4ba1baee0cac9ed883c9)] -> css selector: #premium-selection]
Session ID: a44ca6b2c72e4ba1baee0cac9ed883c9
	at org.openqa.selenium.remote.codec.w3c.W3CHttpResponseCodec.createException(W3CHttpResponseCodec.java:200)
	at org.openqa.selenium.remote.codec.w3c.W3CHttpResponseCodec.decode(W3CHttpResponseCodec.java:133)
	at org.openqa.selenium.remote.codec.w3c.W3CHttpResponseCodec.decode(W3CHttpResponseCodec.java:52)
	at org.openqa.selenium.remote.HttpCommandExecutor.execute(HttpCommandExecutor.java:191)
	at org.openqa.selenium.remote.service.DriverCommandExecutor.invokeExecute(DriverCommandExecutor.java:200)
	at org.openqa.selenium.remote.service.DriverCommandExecutor.execute(DriverCommandExecutor.java:175)
	at org.openqa.selenium.remote.RemoteWebDriver.execute(RemoteWebDriver.java:607)
	at org.openqa.selenium.remote.RemoteWebElement.execute(RemoteWebElement.java:224)
	at org.openqa.selenium.remote.RemoteWebElement.click(RemoteWebElement.java:77)
	at TestNG_Package.OrderSummary.Validate_Premium_Subscription_Flow_is_Working_Successfully(OrderSummary.java:178)
... Removed 29 stack frames]]>
    </failure>
  </testcase> <!-- Validate_Premium_Subscription_Flow_is_Working_Successfully -->
  <testcase classname="TestNG_Package.OrderSummary" name="Validate_Premium_Subscription_Flow_is_Working_Successfully" time="4.071"/>
  <testcase classname="TestNG_Package.OrderSummary" name="Validate_Premium_Subscription_Flow_is_Working_Successfully" time="4.902"/>
  <testcase classname="TestNG_Package.SubscriptionPage" name="ValidateThatSubscriptionsPageOpensSuccessfully_And_HaveCorrectCountryName" time="1.137"/>
  <testcase classname="TestNG_Package.SubscriptionPage" name="ValidateThatSubscriptionsPageOpensSuccessfully_And_HaveCorrectCountryName" time="0.92"/>
  <testcase classname="TestNG_Package.SubscriptionPage" name="ValidateThatSubscriptionsPageOpensSuccessfully_And_HaveCorrectCountryName" time="1.479"/>
  <testcase classname="TestNG_Package.SubscriptionPage" name="ValidateThatSubscriptionsPageOpensSuccessfully_And_HaveCorrectCountryName" time="0.737"/>
  <testcase classname="TestNG_Package.SubscriptionPage" name="ValidateThatSubscriptionsPageOpensSuccessfully_And_HaveCorrectCountryName" time="0.86"/>
  <testcase classname="TestNG_Package.SubscriptionPage" name="ValidateThatSubscriptionsPageOpensSuccessfully_And_HaveCorrectCountryName" time="0.862"/>
  <testcase classname="TestNG_Package.SubscriptionPage" name="ValidateThatSubscriptionsPageOpensSuccessfully_And_HaveCorrectCountryName" time="1.147"/>
  <testcase classname="TestNG_Package.SubscriptionPage" name="ValidateThatSubscriptionsPageOpensSuccessfully_And_HaveCorrectCountryName" time="0.887"/>
  <testcase classname="TestNG_Package.SubscriptionPage" name="ValidateThatSubscriptionsPageOpensSuccessfully_And_HaveCorrectCountryName" time="0.859"/>
  <testcase classname="TestNG_Package.SubscriptionPage" name="ValidateThatSubscriptionsPageOpensSuccessfully_And_HaveCorrectCountryName" time="0.688"/>
  <testcase classname="TestNG_Package.SubscriptionPage" name="ValidateThatSubscriptionsPageOpensSuccessfully_And_HaveCorrectCountryName" time="0.802"/>
  <testcase classname="TestNG_Package.SubscriptionPage" name="ValidateThatSubscriptionsPageOpensSuccessfully_And_HaveCorrectCountryName" time="0.63"/>
  <testcase classname="TestNG_Package.SubscriptionPage" name="ValidateThatSubscriptionsPageOpensSuccessfully_And_HaveCorrectCountryName" time="0.629"/>
  <testcase classname="TestNG_Package.SubscriptionPage" name="ValidateThat_AddOns_SectionDisplayedSuccessfully" time="0.012"/>
  <testcase classname="TestNG_Package.SubscriptionPage" name="ValidateThat_AddOns_SectionDisplayedSuccessfully" time="0.008"/>
  <testcase classname="TestNG_Package.SubscriptionPage" name="ValidateThat_AddOns_SectionDisplayedSuccessfully" time="0.01"/>
  <testcase classname="TestNG_Package.SubscriptionPage" name="ValidateThat_AddOns_SectionDisplayedSuccessfully" time="0.01"/>
  <testcase classname="TestNG_Package.SubscriptionPage" name="ValidateThat_AddOns_SectionDisplayedSuccessfully" time="0.008"/>
  <testcase classname="TestNG_Package.SubscriptionPage" name="ValidateThat_AddOns_SectionDisplayedSuccessfully" time="0.012"/>
  <testcase classname="TestNG_Package.SubscriptionPage" name="ValidateThat_AddOns_SectionDisplayedSuccessfully" time="0.012"/>
  <testcase classname="TestNG_Package.SubscriptionPage" name="ValidateThat_AddOns_SectionDisplayedSuccessfully" time="0.008"/>
  <testcase classname="TestNG_Package.SubscriptionPage" name="ValidateThat_AddOns_SectionDisplayedSuccessfully" time="0.01"/>
  <testcase classname="TestNG_Package.SubscriptionPage" name="ValidateThat_AddOns_SectionDisplayedSuccessfully" time="0.008"/>
  <testcase classname="TestNG_Package.SubscriptionPage" name="ValidateThat_AddOns_SectionDisplayedSuccessfully" time="0.014"/>
  <testcase classname="TestNG_Package.SubscriptionPage" name="ValidateThat_AddOns_SectionDisplayedSuccessfully" time="0.011"/>
  <testcase classname="TestNG_Package.SubscriptionPage" name="ValidateThat_AddOns_SectionDisplayedSuccessfully" time="0.011"/>
  <testcase classname="TestNG_Package.SubscriptionPage" name="ValidateThat_Classic_PackageDisplayedSuccessfully" time="0.137"/>
  <testcase classname="TestNG_Package.SubscriptionPage" name="ValidateThat_Classic_PackageDisplayedSuccessfully" time="0.078"/>
  <testcase classname="TestNG_Package.SubscriptionPage" name="ValidateThat_Classic_PackageDisplayedSuccessfully" time="0.079"/>
  <testcase classname="TestNG_Package.SubscriptionPage" name="ValidateThat_Classic_PackageDisplayedSuccessfully" time="0.086"/>
  <testcase classname="TestNG_Package.SubscriptionPage" name="ValidateThat_Classic_PackageDisplayedSuccessfully" time="0.097"/>
  <testcase classname="TestNG_Package.SubscriptionPage" name="ValidateThat_Classic_PackageDisplayedSuccessfully" time="0.086"/>
  <testcase classname="TestNG_Package.SubscriptionPage" name="ValidateThat_Classic_PackageDisplayedSuccessfully" time="0.069"/>
  <testcase classname="TestNG_Package.SubscriptionPage" name="ValidateThat_Classic_PackageDisplayedSuccessfully" time="0.067"/>
  <testcase classname="TestNG_Package.SubscriptionPage" name="ValidateThat_Classic_PackageDisplayedSuccessfully" time="0.065"/>
  <testcase classname="TestNG_Package.SubscriptionPage" name="ValidateThat_Classic_PackageDisplayedSuccessfully" time="0.068"/>
  <testcase classname="TestNG_Package.SubscriptionPage" name="ValidateThat_Classic_PackageDisplayedSuccessfully" time="0.068"/>
  <testcase classname="TestNG_Package.SubscriptionPage" name="ValidateThat_Classic_PackageDisplayedSuccessfully" time="0.065"/>
  <testcase classname="TestNG_Package.SubscriptionPage" name="ValidateThat_Classic_PackageDisplayedSuccessfully" time="0.071"/>
  <testcase classname="TestNG_Package.SubscriptionPage" name="ValidateThat_GiftCard_SectionDisplayedSuccessfully" time="0.011"/>
  <testcase classname="TestNG_Package.SubscriptionPage" name="ValidateThat_GiftCard_SectionDisplayedSuccessfully" time="0.009"/>
  <testcase classname="TestNG_Package.SubscriptionPage" name="ValidateThat_GiftCard_SectionDisplayedSuccessfully" time="0.011"/>
  <testcase classname="TestNG_Package.SubscriptionPage" name="ValidateThat_GiftCard_SectionDisplayedSuccessfully" time="0.009"/>
  <testcase classname="TestNG_Package.SubscriptionPage" name="ValidateThat_GiftCard_SectionDisplayedSuccessfully" time="0.012"/>
  <testcase classname="TestNG_Package.SubscriptionPage" name="ValidateThat_GiftCard_SectionDisplayedSuccessfully" time="0.009"/>
  <testcase classname="TestNG_Package.SubscriptionPage" name="ValidateThat_GiftCard_SectionDisplayedSuccessfully" time="0.008"/>
  <testcase classname="TestNG_Package.SubscriptionPage" name="ValidateThat_GiftCard_SectionDisplayedSuccessfully" time="0.008"/>
  <testcase classname="TestNG_Package.SubscriptionPage" name="ValidateThat_GiftCard_SectionDisplayedSuccessfully" time="0.007"/>
  <testcase classname="TestNG_Package.SubscriptionPage" name="ValidateThat_GiftCard_SectionDisplayedSuccessfully" time="0.01"/>
  <testcase classname="TestNG_Package.SubscriptionPage" name="ValidateThat_GiftCard_SectionDisplayedSuccessfully" time="0.008"/>
  <testcase classname="TestNG_Package.SubscriptionPage" name="ValidateThat_GiftCard_SectionDisplayedSuccessfully" time="0.01"/>
  <testcase classname="TestNG_Package.SubscriptionPage" name="ValidateThat_GiftCard_SectionDisplayedSuccessfully" time="0.009"/>
  <testcase classname="TestNG_Package.SubscriptionPage" name="ValidateThat_Lite_PackageDisplayedSuccessfully" time="0.082"/>
  <testcase classname="TestNG_Package.SubscriptionPage" name="ValidateThat_Lite_PackageDisplayedSuccessfully" time="0.064"/>
  <testcase classname="TestNG_Package.SubscriptionPage" name="ValidateThat_Lite_PackageDisplayedSuccessfully" time="0.063"/>
  <testcase classname="TestNG_Package.SubscriptionPage" name="ValidateThat_Lite_PackageDisplayedSuccessfully" time="0.068"/>
  <testcase classname="TestNG_Package.SubscriptionPage" name="ValidateThat_Lite_PackageDisplayedSuccessfully" time="0.064"/>
  <testcase classname="TestNG_Package.SubscriptionPage" name="ValidateThat_Lite_PackageDisplayedSuccessfully" time="0.07"/>
  <testcase classname="TestNG_Package.SubscriptionPage" name="ValidateThat_Lite_PackageDisplayedSuccessfully" time="0.063"/>
  <testcase classname="TestNG_Package.SubscriptionPage" name="ValidateThat_Lite_PackageDisplayedSuccessfully" time="0.063"/>
  <testcase classname="TestNG_Package.SubscriptionPage" name="ValidateThat_Lite_PackageDisplayedSuccessfully" time="0.074"/>
  <testcase classname="TestNG_Package.SubscriptionPage" name="ValidateThat_Lite_PackageDisplayedSuccessfully" time="0.072"/>
  <testcase classname="TestNG_Package.SubscriptionPage" name="ValidateThat_Lite_PackageDisplayedSuccessfully" time="0.064"/>
  <testcase classname="TestNG_Package.SubscriptionPage" name="ValidateThat_Lite_PackageDisplayedSuccessfully" time="0.064"/>
  <testcase classname="TestNG_Package.SubscriptionPage" name="ValidateThat_Lite_PackageDisplayedSuccessfully" time="0.07"/>
  <testcase classname="TestNG_Package.SubscriptionPage" name="ValidateThat_Premium_PackageDisplayedSuccessfully" time="0.066"/>
  <testcase classname="TestNG_Package.SubscriptionPage" name="ValidateThat_Premium_PackageDisplayedSuccessfully" time="0.05"/>
  <testcase classname="TestNG_Package.SubscriptionPage" name="ValidateThat_Premium_PackageDisplayedSuccessfully" time="0.051"/>
  <testcase classname="TestNG_Package.SubscriptionPage" name="ValidateThat_Premium_PackageDisplayedSuccessfully" time="0.051"/>
  <testcase classname="TestNG_Package.SubscriptionPage" name="ValidateThat_Premium_PackageDisplayedSuccessfully" time="0.049"/>
  <testcase classname="TestNG_Package.SubscriptionPage" name="ValidateThat_Premium_PackageDisplayedSuccessfully" time="0.05"/>
  <testcase classname="TestNG_Package.SubscriptionPage" name="ValidateThat_Premium_PackageDisplayedSuccessfully" time="0.052"/>
  <testcase classname="TestNG_Package.SubscriptionPage" name="ValidateThat_Premium_PackageDisplayedSuccessfully" time="0.053"/>
  <testcase classname="TestNG_Package.SubscriptionPage" name="ValidateThat_Premium_PackageDisplayedSuccessfully" time="0.056"/>
  <testcase classname="TestNG_Package.SubscriptionPage" name="ValidateThat_Premium_PackageDisplayedSuccessfully" time="0.047"/>
  <testcase classname="TestNG_Package.SubscriptionPage" name="ValidateThat_Premium_PackageDisplayedSuccessfully" time="0.05"/>
  <testcase classname="TestNG_Package.SubscriptionPage" name="ValidateThat_Premium_PackageDisplayedSuccessfully" time="0.051"/>
  <testcase classname="TestNG_Package.SubscriptionPage" name="ValidateThat_Premium_PackageDisplayedSuccessfully" time="0.049"/>
</testsuite> <!-- Subscriptions -->
